#
# There is insufficient memory for the Java Runtime Environment to continue.
# Native memory allocation (malloc) failed to allocate 1217936 bytes. Error detail: Chunk::new
# Possible reasons:
#   The system is out of physical RAM or swap space
#   This process is running with CompressedOops enabled, and the Java Heap may be blocking the growth of the native heap
# Possible solutions:
#   Reduce memory load on the system
#   Increase physical memory or swap space
#   Check if swap backing store is full
#   Decrease Java heap size (-Xmx/-Xms)
#   Decrease number of Java threads
#   Decrease Java thread stack sizes (-Xss)
#   Set larger code cache with -XX:ReservedCodeCacheSize=
#   JVM is running with Unscaled Compressed Oops mode in which the Java heap is
#     placed in the first 4GB address space. The Java Heap base address is the
#     maximum limit for the native heap growth. Please use -XX:HeapBaseMinAddress
#     to set the Java Heap base and to place the Java Heap above 4GB virtual address.
# This output file may be truncated or incomplete.
#
#  Out of Memory Error (arena.cpp:168), pid=18824, tid=48460
#
# JRE version: OpenJDK Runtime Environment Temurin-21.0.9+10 (21.0.9+10) (build 21.0.9+10-LTS)
# Java VM: OpenJDK 64-Bit Server VM Temurin-21.0.9+10 (21.0.9+10-LTS, mixed mode, sharing, tiered, compressed oops, compressed class ptrs, parallel gc, windows-amd64)
# No core dump will be written. Minidumps are not enabled by default on client versions of Windows
#

---------------  S U M M A R Y ------------

Command Line: --add-modules=ALL-SYSTEM --add-opens=java.base/java.util=ALL-UNNAMED --add-opens=java.base/java.lang=ALL-UNNAMED --add-opens=java.base/sun.nio.fs=ALL-UNNAMED -Declipse.application=org.eclipse.jdt.ls.core.id1 -Dosgi.bundles.defaultStartLevel=4 -Declipse.product=org.eclipse.jdt.ls.core.product -Djava.import.generatesMetadataFilesAtProjectRoot=false -DDetectVMInstallationsJob.disabled=true -Dfile.encoding=utf8 -XX:+UseParallelGC -XX:GCTimeRatio=4 -XX:AdaptiveSizePolicyWeight=90 -Dsun.zip.disableMemoryMapping=true -Xmx2G -Xms100m -Xlog:disable -javaagent:c:\Users\luana\.vscode\extensions\redhat.java-1.50.0-win32-x64\lombok\lombok-1.18.39-4050.jar c:\Users\luana\.vscode\extensions\redhat.java-1.50.0-win32-x64\server\plugins\org.eclipse.equinox.launcher_1.7.100.v20251111-0406.jar -configuration c:\Users\luana\AppData\Roaming\Code\User\globalStorage\redhat.java\1.50.0\config_ss_win -data c:\Users\luana\AppData\Roaming\Code\User\workspaceStorage\984f6a04f03c4f7c3312a9d56d43c709\redhat.java\ss_ws --pipe=\\.\pipe\lsp-ba5c8a6f5dfc9bcba1faeb5954918d32-sock

Host: 13th Gen Intel(R) Core(TM) i5-13450HX, 16 cores, 7G,  Windows 11 , 64 bit Build 26100 (10.0.26100.6725)
Time: Tue Dec  2 20:27:09 2025 Hora oficial do Brasil elapsed time: 11.821859 seconds (0d 0h 0m 11s)

---------------  T H R E A D  ---------------

Current thread (0x000002c58ad2e970):  JavaThread "C2 CompilerThread1" daemon [_thread_in_native, id=48460, stack(0x000000f623500000,0x000000f623600000) (1024K)]


Current CompileTask:
C2:11821 2930       4       java.lang.invoke.MethodType::makeImpl (109 bytes)

Stack: [0x000000f623500000,0x000000f623600000]
Native frames: (J=compiled Java code, j=interpreted, Vv=VM code, C=native code)
V  [jvm.dll+0x6d6e29]
V  [jvm.dll+0x8b4b76]
V  [jvm.dll+0x8b712e]
V  [jvm.dll+0x8b7813]
V  [jvm.dll+0x283d86]
V  [jvm.dll+0xc66ed]
V  [jvm.dll+0xc6c31]
V  [jvm.dll+0x3be53b]
V  [jvm.dll+0x1e3d59]
V  [jvm.dll+0x24c0f3]
V  [jvm.dll+0x24b580]
V  [jvm.dll+0x1cb13e]
V  [jvm.dll+0x25b29d]
V  [jvm.dll+0x25982a]
V  [jvm.dll+0x3f7ea6]
V  [jvm.dll+0x85e9ad]
V  [jvm.dll+0x6d565d]
C  [ucrtbase.dll+0x37b0]
C  [KERNEL32.DLL+0x2e8d7]
C  [ntdll.dll+0x8c53c]


---------------  P R O C E S S  ---------------

Threads class SMR info:
_java_thread_list=0x000002c58cc5ecd0, length=23, elements={
0x000002c52b27ebd0, 0x000002c52b22da50, 0x000002c58427dc90, 0x000002c58427fa40,
0x000002c5842808f0, 0x000002c584281340, 0x000002c584281d90, 0x000002c584286f10,
0x000002c5842b19e0, 0x000002c5844a1a50, 0x000002c58a009d10, 0x000002c58a3c55a0,
0x000002c58a796fb0, 0x000002c58a68eb60, 0x000002c58a52c8a0, 0x000002c58a7ea870,
0x000002c58aa3ad00, 0x000002c58ab47410, 0x000002c58ad2e970, 0x000002c58b2b8120,
0x000002c58ad37910, 0x000002c5842f3da0, 0x000002c58c79e7f0
}

Java Threads: ( => current thread )
  0x000002c52b27ebd0 JavaThread "main"                              [_thread_blocked, id=60268, stack(0x000000f622900000,0x000000f622a00000) (1024K)]
  0x000002c52b22da50 JavaThread "Reference Handler"          daemon [_thread_blocked, id=74700, stack(0x000000f622d00000,0x000000f622e00000) (1024K)]
  0x000002c58427dc90 JavaThread "Finalizer"                  daemon [_thread_blocked, id=18444, stack(0x000000f622e00000,0x000000f622f00000) (1024K)]
  0x000002c58427fa40 JavaThread "Signal Dispatcher"          daemon [_thread_blocked, id=65112, stack(0x000000f622f00000,0x000000f623000000) (1024K)]
  0x000002c5842808f0 JavaThread "Attach Listener"            daemon [_thread_blocked, id=80780, stack(0x000000f623000000,0x000000f623100000) (1024K)]
  0x000002c584281340 JavaThread "Service Thread"             daemon [_thread_blocked, id=56236, stack(0x000000f623100000,0x000000f623200000) (1024K)]
  0x000002c584281d90 JavaThread "Monitor Deflation Thread"   daemon [_thread_blocked, id=77292, stack(0x000000f623200000,0x000000f623300000) (1024K)]
  0x000002c584286f10 JavaThread "C2 CompilerThread0"         daemon [_thread_in_native, id=73532, stack(0x000000f623300000,0x000000f623400000) (1024K)]
  0x000002c5842b19e0 JavaThread "C1 CompilerThread0"         daemon [_thread_blocked, id=23728, stack(0x000000f623400000,0x000000f623500000) (1024K)]
  0x000002c5844a1a50 JavaThread "Common-Cleaner"             daemon [_thread_blocked, id=33672, stack(0x000000f623700000,0x000000f623800000) (1024K)]
  0x000002c58a009d10 JavaThread "Notification Thread"        daemon [_thread_blocked, id=68076, stack(0x000000f623800000,0x000000f623900000) (1024K)]
  0x000002c58a3c55a0 JavaThread "Active Thread: Equinox Container: 7562dfeb-6236-4882-8263-856b5a9ea163"        [_thread_blocked, id=56740, stack(0x000000f623f00000,0x000000f624000000) (1024K)]
  0x000002c58a796fb0 JavaThread "Framework Event Dispatcher: Equinox Container: 7562dfeb-6236-4882-8263-856b5a9ea163" daemon [_thread_blocked, id=53068, stack(0x000000f624000000,0x000000f624100000) (1024K)]
  0x000002c58a68eb60 JavaThread "Start Level: Equinox Container: 7562dfeb-6236-4882-8263-856b5a9ea163" daemon [_thread_in_vm, id=98452, stack(0x000000f624100000,0x000000f624200000) (1024K)]
  0x000002c58a52c8a0 JavaThread "SCR Component Actor"        daemon [_thread_blocked, id=75592, stack(0x000000f624300000,0x000000f624400000) (1024K)]
  0x000002c58a7ea870 JavaThread "Worker-JM"                         [_thread_blocked, id=97736, stack(0x000000f624600000,0x000000f624700000) (1024K)]
  0x000002c58aa3ad00 JavaThread "Worker-0"                          [_thread_blocked, id=74612, stack(0x000000f624a00000,0x000000f624b00000) (1024K)]
  0x000002c58ab47410 JavaThread "Worker-1"                          [_thread_blocked, id=101788, stack(0x000000f624b00000,0x000000f624c00000) (1024K)]
=>0x000002c58ad2e970 JavaThread "C2 CompilerThread1"         daemon [_thread_in_native, id=48460, stack(0x000000f623500000,0x000000f623600000) (1024K)]
  0x000002c58b2b8120 JavaThread "C1 CompilerThread1"         daemon [_thread_blocked, id=93548, stack(0x000000f623600000,0x000000f623700000) (1024K)]
  0x000002c58ad37910 JavaThread "C1 CompilerThread2"         daemon [_thread_blocked, id=88124, stack(0x000000f624400000,0x000000f624500000) (1024K)]
  0x000002c5842f3da0 JavaThread "C1 CompilerThread3"         daemon [_thread_blocked, id=78384, stack(0x000000f624500000,0x000000f624600000) (1024K)]
  0x000002c58c79e7f0 JavaThread "C2 CompilerThread2"         daemon [_thread_in_native, id=61184, stack(0x000000f624900000,0x000000f624a00000) (1024K)]
Total: 23

Other Threads:
  0x000002c52b33e820 VMThread "VM Thread"                           [id=2036, stack(0x000000f622c00000,0x000000f622d00000) (1024K)]
  0x000002c52b10ca00 WatcherThread "VM Periodic Task Thread"        [id=88752, stack(0x000000f622b00000,0x000000f622c00000) (1024K)]
  0x000002c52b29c640 WorkerThread "GC Thread#0"                     [id=97960, stack(0x000000f622a00000,0x000000f622b00000) (1024K)]
  0x000002c58a3675c0 WorkerThread "GC Thread#1"                     [id=77252, stack(0x000000f623900000,0x000000f623a00000) (1024K)]
  0x000002c58a361450 WorkerThread "GC Thread#2"                     [id=90128, stack(0x000000f623a00000,0x000000f623b00000) (1024K)]
  0x000002c58a4d9270 WorkerThread "GC Thread#3"                     [id=80936, stack(0x000000f623b00000,0x000000f623c00000) (1024K)]
  0x000002c58a3e6090 WorkerThread "GC Thread#4"                     [id=14780, stack(0x000000f623c00000,0x000000f623d00000) (1024K)]
  0x000002c58a3e6430 WorkerThread "GC Thread#5"                     [id=27632, stack(0x000000f623d00000,0x000000f623e00000) (1024K)]
  0x000002c58a3e9440 WorkerThread "GC Thread#6"                     [id=77084, stack(0x000000f623e00000,0x000000f623f00000) (1024K)]
  0x000002c58a3ea660 WorkerThread "GC Thread#7"                     [id=44952, stack(0x000000f624200000,0x000000f624300000) (1024K)]
  0x000002c58a3ea2c0 WorkerThread "GC Thread#8"                     [id=28988, stack(0x000000f624700000,0x000000f624800000) (1024K)]
  0x000002c58a3eada0 WorkerThread "GC Thread#9"                     [id=32272, stack(0x000000f624800000,0x000000f624900000) (1024K)]
  0x000002c58a3e97e0 WorkerThread "GC Thread#10"                    [id=103844, stack(0x000000f624c00000,0x000000f624d00000) (1024K)]
  0x000002c58a3e9f20 WorkerThread "GC Thread#11"                    [id=98600, stack(0x000000f624d00000,0x000000f624e00000) (1024K)]
  0x000002c58acebcc0 WorkerThread "GC Thread#12"                    [id=62176, stack(0x000000f624e00000,0x000000f624f00000) (1024K)]
Total: 15

Threads with active compile tasks:
C2 CompilerThread0  11861 2691       4       org.lombokweb.asm.ClassReader::readMethod (1070 bytes)
C2 CompilerThread1  11861 2930       4       java.lang.invoke.MethodType::makeImpl (109 bytes)
C2 CompilerThread2  11861 2932       4       java.util.HashMap::put (13 bytes)
Total: 3

VM state: not at safepoint (normal execution)

VM Mutex/Monitor currently owned by a thread: None

Heap address: 0x0000000080000000, size: 2048 MB, Compressed Oops mode: 32-bit

CDS archive(s) mapped at: [0x000002c542000000-0x000002c542ba0000-0x000002c542ba0000), size 12189696, SharedBaseAddress: 0x000002c542000000, ArchiveRelocationMode: 1.
Compressed class space mapped at: 0x000002c543000000-0x000002c583000000, reserved size: 1073741824
Narrow klass base: 0x000002c542000000, Narrow klass shift: 0, Narrow klass range: 0x100000000

GC Precious Log:
 CardTable entry size: 512
 CPUs: 16 total, 16 available
 Memory: 7876M
 Large Page Support: Disabled
 NUMA Support: Disabled
 Compressed Oops: Enabled (32-bit)
 Alignments: Space 512K, Generation 512K, Heap 2M
 Heap Min Capacity: 100M
 Heap Initial Capacity: 100M
 Heap Max Capacity: 2G
 Pre-touch: Disabled
 Parallel Workers: 13

Heap:
 PSYoungGen      total 30720K, used 15432K [0x00000000d5580000, 0x00000000d7900000, 0x0000000100000000)
  eden space 25088K, 61% used [0x00000000d5580000,0x00000000d64922d0,0x00000000d6e00000)
  from space 5632K, 0% used [0x00000000d7380000,0x00000000d7380000,0x00000000d7900000)
  to   space 5632K, 0% used [0x00000000d6e00000,0x00000000d6e00000,0x00000000d7380000)
 ParOldGen       total 68608K, used 9737K [0x0000000080000000, 0x0000000084300000, 0x00000000d5580000)
  object space 68608K, 14% used [0x0000000080000000,0x00000000809826c0,0x0000000084300000)
 Metaspace       used 23455K, committed 24064K, reserved 1114112K
  class space    used 2258K, committed 2496K, reserved 1048576K

Card table byte_map: [0x000002c52ac20000,0x000002c52b030000] _byte_map_base: 0x000002c52a820000

Marking Bits: (ParMarkBitMap*) 0x00007ff900972460
 Begin Bits: [0x000002c53d730000, 0x000002c53f730000)
 End Bits:   [0x000002c53f730000, 0x000002c541730000)

Polling page: 0x000002c52a9a0000

Metaspace:

Usage:
  Non-class:     20.70 MB used.
      Class:      2.21 MB used.
       Both:     22.91 MB used.

Virtual space:
  Non-class space:       64.00 MB reserved,      21.06 MB ( 33%) committed,  1 nodes.
      Class space:        1.00 GB reserved,       2.44 MB ( <1%) committed,  1 nodes.
             Both:        1.06 GB reserved,      23.50 MB (  2%) committed. 

Chunk freelists:
   Non-Class:  10.59 MB
       Class:  13.50 MB
        Both:  24.09 MB

MaxMetaspaceSize: unlimited
CompressedClassSpaceSize: 1.00 GB
Initial GC threshold: 21.00 MB
Current GC threshold: 35.00 MB
CDS: on
 - commit_granule_bytes: 65536.
 - commit_granule_words: 8192.
 - virtual_space_node_default_size: 8388608.
 - enlarge_chunks_in_place: 1.
 - use_allocation_guard: 0.


Internal statistics:

num_allocs_failed_limit: 3.
num_arena_births: 480.
num_arena_deaths: 14.
num_vsnodes_births: 2.
num_vsnodes_deaths: 0.
num_space_committed: 376.
num_space_uncommitted: 0.
num_chunks_returned_to_freelist: 17.
num_chunks_taken_from_freelist: 1319.
num_chunk_merges: 9.
num_chunk_splits: 868.
num_chunks_enlarged: 562.
num_inconsistent_stats: 0.

CodeHeap 'non-profiled nmethods': size=119168Kb used=1239Kb max_used=1239Kb free=117928Kb
 bounds [0x000002c536020000, 0x000002c536290000, 0x000002c53d480000]
CodeHeap 'profiled nmethods': size=119104Kb used=6334Kb max_used=6334Kb free=112769Kb
 bounds [0x000002c52e480000, 0x000002c52eab0000, 0x000002c5358d0000]
CodeHeap 'non-nmethods': size=7488Kb used=3005Kb max_used=3023Kb free=4483Kb
 bounds [0x000002c5358d0000, 0x000002c535bd0000, 0x000002c536020000]
CodeCache: size=245760Kb, used=10578Kb, max_used=10596Kb, free=235180Kb
 total_blobs=3685, nmethods=3085, adapters=503, full_count=0
Compilation: enabled, stopped_count=0, restarted_count=0

Compilation events (20 events):
Event: 10.818 Thread 0x000002c58ad37910 3081       3       java.util.TreeMap::fixAfterInsertion (267 bytes)
Event: 10.818 Thread 0x000002c5842f3da0 3082       3       java.lang.StringLatin1::compareToCI (108 bytes)
Event: 10.818 Thread 0x000002c5842b19e0 3083       3       java.lang.Character::toLowerCase (6 bytes)
Event: 10.818 Thread 0x000002c58b2b8120 3084       3       java.lang.Character::toLowerCase (9 bytes)
Event: 10.818 Thread 0x000002c58b2b8120 nmethod 3084 0x000002c52eaa6490 code [0x000002c52eaa6640, 0x000002c52eaa6838]
Event: 10.818 Thread 0x000002c5842b19e0 nmethod 3083 0x000002c52eaa6910 code [0x000002c52eaa6ae0, 0x000002c52eaa6d38]
Event: 10.818 Thread 0x000002c58b2b8120 3085       3       java.lang.String$CaseInsensitiveComparator::compare (13 bytes)
Event: 10.818 Thread 0x000002c5842b19e0 3086       3       java.lang.String$CaseInsensitiveComparator::compare (68 bytes)
Event: 10.819 Thread 0x000002c58b2b8120 nmethod 3085 0x000002c52eaa6e10 code [0x000002c52eaa6fc0, 0x000002c52eaa72e8]
Event: 10.819 Thread 0x000002c58b2b8120 3088       3       java.util.TreeMap::addEntry (59 bytes)
Event: 10.819 Thread 0x000002c5842f3da0 nmethod 3082 0x000002c52eaa7410 code [0x000002c52eaa7660, 0x000002c52eaa7ef8]
Event: 10.819 Thread 0x000002c58b2b8120 nmethod 3088 0x000002c52eaa8310 code [0x000002c52eaa84e0, 0x000002c52eaa8838]
Event: 10.819 Thread 0x000002c5842b19e0 nmethod 3086 0x000002c52eaa8a10 code [0x000002c52eaa8c20, 0x000002c52eaa90a8]
Event: 10.819 Thread 0x000002c5842f3da0 3089       3       java.util.TreeMap::putIfAbsent (8 bytes)
Event: 10.819 Thread 0x000002c5842f3da0 nmethod 3089 0x000002c52eaa9290 code [0x000002c52eaa9440, 0x000002c52eaa9580]
Event: 10.819 Thread 0x000002c5842f3da0 3090       3       java.util.TreeMap::rightOf (13 bytes)
Event: 10.819 Thread 0x000002c5842f3da0 nmethod 3090 0x000002c52eaa9610 code [0x000002c52eaa97c0, 0x000002c52eaa9928]
Event: 10.819 Thread 0x000002c5842f3da0 3091       3       java.util.TreeMap::rotateLeft (96 bytes)
Event: 10.819 Thread 0x000002c5842f3da0 nmethod 3091 0x000002c52eaa9a10 code [0x000002c52eaa9bc0, 0x000002c52eaa9eb0]
Event: 11.819 Thread 0x000002c58ad37910 nmethod 3081 0x000002c52eaaa010 code [0x000002c52eaaa4c0, 0x000002c52eaac8f0]

GC Heap History (14 events):
Event: 0.582 GC heap before
{Heap before GC invocations=1 (full 0):
 PSYoungGen      total 29696K, used 25600K [0x00000000d5580000, 0x00000000d7680000, 0x0000000100000000)
  eden space 25600K, 100% used [0x00000000d5580000,0x00000000d6e80000,0x00000000d6e80000)
  from space 4096K, 0% used [0x00000000d7280000,0x00000000d7280000,0x00000000d7680000)
  to   space 4096K, 0% used [0x00000000d6e80000,0x00000000d6e80000,0x00000000d7280000)
 ParOldGen       total 68608K, used 0K [0x0000000080000000, 0x0000000084300000, 0x00000000d5580000)
  object space 68608K, 0% used [0x0000000080000000,0x0000000080000000,0x0000000084300000)
 Metaspace       used 4213K, committed 4480K, reserved 1114112K
  class space    used 463K, committed 576K, reserved 1048576K
}
Event: 0.590 GC heap after
{Heap after GC invocations=1 (full 0):
 PSYoungGen      total 29696K, used 3867K [0x00000000d5580000, 0x00000000d7680000, 0x0000000100000000)
  eden space 25600K, 0% used [0x00000000d5580000,0x00000000d5580000,0x00000000d6e80000)
  from space 4096K, 94% used [0x00000000d6e80000,0x00000000d7246fd8,0x00000000d7280000)
  to   space 4096K, 0% used [0x00000000d7280000,0x00000000d7280000,0x00000000d7680000)
 ParOldGen       total 68608K, used 16K [0x0000000080000000, 0x0000000084300000, 0x00000000d5580000)
  object space 68608K, 0% used [0x0000000080000000,0x0000000080004000,0x0000000084300000)
 Metaspace       used 4213K, committed 4480K, reserved 1114112K
  class space    used 463K, committed 576K, reserved 1048576K
}
Event: 2.070 GC heap before
{Heap before GC invocations=2 (full 0):
 PSYoungGen      total 29696K, used 29467K [0x00000000d5580000, 0x00000000d7680000, 0x0000000100000000)
  eden space 25600K, 100% used [0x00000000d5580000,0x00000000d6e80000,0x00000000d6e80000)
  from space 4096K, 94% used [0x00000000d6e80000,0x00000000d7246fd8,0x00000000d7280000)
  to   space 4096K, 0% used [0x00000000d7280000,0x00000000d7280000,0x00000000d7680000)
 ParOldGen       total 68608K, used 16K [0x0000000080000000, 0x0000000084300000, 0x00000000d5580000)
  object space 68608K, 0% used [0x0000000080000000,0x0000000080004000,0x0000000084300000)
 Metaspace       used 8019K, committed 8320K, reserved 1114112K
  class space    used 845K, committed 960K, reserved 1048576K
}
Event: 2.074 GC heap after
{Heap after GC invocations=2 (full 0):
 PSYoungGen      total 29696K, used 4070K [0x00000000d5580000, 0x00000000d7680000, 0x0000000100000000)
  eden space 25600K, 0% used [0x00000000d5580000,0x00000000d5580000,0x00000000d6e80000)
  from space 4096K, 99% used [0x00000000d7280000,0x00000000d7679800,0x00000000d7680000)
  to   space 4096K, 0% used [0x00000000d6e80000,0x00000000d6e80000,0x00000000d7280000)
 ParOldGen       total 68608K, used 839K [0x0000000080000000, 0x0000000084300000, 0x00000000d5580000)
  object space 68608K, 1% used [0x0000000080000000,0x00000000800d1ea8,0x0000000084300000)
 Metaspace       used 8019K, committed 8320K, reserved 1114112K
  class space    used 845K, committed 960K, reserved 1048576K
}
Event: 2.700 GC heap before
{Heap before GC invocations=3 (full 0):
 PSYoungGen      total 29696K, used 29670K [0x00000000d5580000, 0x00000000d7680000, 0x0000000100000000)
  eden space 25600K, 100% used [0x00000000d5580000,0x00000000d6e80000,0x00000000d6e80000)
  from space 4096K, 99% used [0x00000000d7280000,0x00000000d7679800,0x00000000d7680000)
  to   space 4096K, 0% used [0x00000000d6e80000,0x00000000d6e80000,0x00000000d7280000)
 ParOldGen       total 68608K, used 839K [0x0000000080000000, 0x0000000084300000, 0x00000000d5580000)
  object space 68608K, 1% used [0x0000000080000000,0x00000000800d1ea8,0x0000000084300000)
 Metaspace       used 12800K, committed 13312K, reserved 1114112K
  class space    used 1355K, committed 1600K, reserved 1048576K
}
Event: 2.704 GC heap after
{Heap after GC invocations=3 (full 0):
 PSYoungGen      total 29696K, used 4076K [0x00000000d5580000, 0x00000000d7680000, 0x0000000100000000)
  eden space 25600K, 0% used [0x00000000d5580000,0x00000000d5580000,0x00000000d6e80000)
  from space 4096K, 99% used [0x00000000d6e80000,0x00000000d727b1d0,0x00000000d7280000)
  to   space 4096K, 0% used [0x00000000d7280000,0x00000000d7280000,0x00000000d7680000)
 ParOldGen       total 68608K, used 2607K [0x0000000080000000, 0x0000000084300000, 0x00000000d5580000)
  object space 68608K, 3% used [0x0000000080000000,0x000000008028bf08,0x0000000084300000)
 Metaspace       used 12800K, committed 13312K, reserved 1114112K
  class space    used 1355K, committed 1600K, reserved 1048576K
}
Event: 2.993 GC heap before
{Heap before GC invocations=4 (full 0):
 PSYoungGen      total 29696K, used 29529K [0x00000000d5580000, 0x00000000d7680000, 0x0000000100000000)
  eden space 25600K, 99% used [0x00000000d5580000,0x00000000d6e5b550,0x00000000d6e80000)
  from space 4096K, 99% used [0x00000000d6e80000,0x00000000d727b1d0,0x00000000d7280000)
  to   space 4096K, 0% used [0x00000000d7280000,0x00000000d7280000,0x00000000d7680000)
 ParOldGen       total 68608K, used 2607K [0x0000000080000000, 0x0000000084300000, 0x00000000d5580000)
  object space 68608K, 3% used [0x0000000080000000,0x000000008028bf08,0x0000000084300000)
 Metaspace       used 16111K, committed 16704K, reserved 1114112K
  class space    used 1680K, committed 1920K, reserved 1048576K
}
Event: 2.996 GC heap after
{Heap after GC invocations=4 (full 0):
 PSYoungGen      total 29696K, used 4074K [0x00000000d5580000, 0x00000000d7680000, 0x0000000100000000)
  eden space 25600K, 0% used [0x00000000d5580000,0x00000000d5580000,0x00000000d6e80000)
  from space 4096K, 99% used [0x00000000d7280000,0x00000000d767a9a8,0x00000000d7680000)
  to   space 4096K, 0% used [0x00000000d6e80000,0x00000000d6e80000,0x00000000d7280000)
 ParOldGen       total 68608K, used 5747K [0x0000000080000000, 0x0000000084300000, 0x00000000d5580000)
  object space 68608K, 8% used [0x0000000080000000,0x000000008059cd08,0x0000000084300000)
 Metaspace       used 16111K, committed 16704K, reserved 1114112K
  class space    used 1680K, committed 1920K, reserved 1048576K
}
Event: 7.249 GC heap before
{Heap before GC invocations=5 (full 0):
 PSYoungGen      total 29696K, used 29674K [0x00000000d5580000, 0x00000000d7680000, 0x0000000100000000)
  eden space 25600K, 100% used [0x00000000d5580000,0x00000000d6e80000,0x00000000d6e80000)
  from space 4096K, 99% used [0x00000000d7280000,0x00000000d767a9a8,0x00000000d7680000)
  to   space 4096K, 0% used [0x00000000d6e80000,0x00000000d6e80000,0x00000000d7280000)
 ParOldGen       total 68608K, used 5747K [0x0000000080000000, 0x0000000084300000, 0x00000000d5580000)
  object space 68608K, 8% used [0x0000000080000000,0x000000008059cd08,0x0000000084300000)
 Metaspace       used 19922K, committed 20608K, reserved 1114112K
  class space    used 1957K, committed 2240K, reserved 1048576K
}
Event: 8.262 GC heap after
{Heap after GC invocations=5 (full 0):
 PSYoungGen      total 29184K, used 4080K [0x00000000d5580000, 0x00000000d7900000, 0x0000000100000000)
  eden space 25088K, 0% used [0x00000000d5580000,0x00000000d5580000,0x00000000d6e00000)
  from space 4096K, 99% used [0x00000000d6e80000,0x00000000d727c2b0,0x00000000d7280000)
  to   space 5632K, 0% used [0x00000000d7380000,0x00000000d7380000,0x00000000d7900000)
 ParOldGen       total 68608K, used 5755K [0x0000000080000000, 0x0000000084300000, 0x00000000d5580000)
  object space 68608K, 8% used [0x0000000080000000,0x000000008059ed08,0x0000000084300000)
 Metaspace       used 19922K, committed 20608K, reserved 1114112K
  class space    used 1957K, committed 2240K, reserved 1048576K
}
Event: 9.471 GC heap before
{Heap before GC invocations=6 (full 0):
 PSYoungGen      total 29184K, used 23956K [0x00000000d5580000, 0x00000000d7900000, 0x0000000100000000)
  eden space 25088K, 79% used [0x00000000d5580000,0x00000000d68e8db0,0x00000000d6e00000)
  from space 4096K, 99% used [0x00000000d6e80000,0x00000000d727c2b0,0x00000000d7280000)
  to   space 5632K, 0% used [0x00000000d7380000,0x00000000d7380000,0x00000000d7900000)
 ParOldGen       total 68608K, used 5755K [0x0000000080000000, 0x0000000084300000, 0x00000000d5580000)
  object space 68608K, 8% used [0x0000000080000000,0x000000008059ed08,0x0000000084300000)
 Metaspace       used 20886K, committed 21504K, reserved 1114112K
  class space    used 2017K, committed 2304K, reserved 1048576K
}
Event: 9.474 GC heap after
{Heap after GC invocations=6 (full 0):
 PSYoungGen      total 30720K, used 5078K [0x00000000d5580000, 0x00000000d7900000, 0x0000000100000000)
  eden space 25088K, 0% used [0x00000000d5580000,0x00000000d5580000,0x00000000d6e00000)
  from space 5632K, 90% used [0x00000000d7380000,0x00000000d7875888,0x00000000d7900000)
  to   space 5632K, 0% used [0x00000000d6e00000,0x00000000d6e00000,0x00000000d7380000)
 ParOldGen       total 68608K, used 6544K [0x0000000080000000, 0x0000000084300000, 0x00000000d5580000)
  object space 68608K, 9% used [0x0000000080000000,0x0000000080664218,0x0000000084300000)
 Metaspace       used 20886K, committed 21504K, reserved 1114112K
  class space    used 2017K, committed 2304K, reserved 1048576K
}
Event: 9.474 GC heap before
{Heap before GC invocations=7 (full 1):
 PSYoungGen      total 30720K, used 5078K [0x00000000d5580000, 0x00000000d7900000, 0x0000000100000000)
  eden space 25088K, 0% used [0x00000000d5580000,0x00000000d5580000,0x00000000d6e00000)
  from space 5632K, 90% used [0x00000000d7380000,0x00000000d7875888,0x00000000d7900000)
  to   space 5632K, 0% used [0x00000000d6e00000,0x00000000d6e00000,0x00000000d7380000)
 ParOldGen       total 68608K, used 6544K [0x0000000080000000, 0x0000000084300000, 0x00000000d5580000)
  object space 68608K, 9% used [0x0000000080000000,0x0000000080664218,0x0000000084300000)
 Metaspace       used 20886K, committed 21504K, reserved 1114112K
  class space    used 2017K, committed 2304K, reserved 1048576K
}
Event: 9.497 GC heap after
{Heap after GC invocations=7 (full 1):
 PSYoungGen      total 30720K, used 0K [0x00000000d5580000, 0x00000000d7900000, 0x0000000100000000)
  eden space 25088K, 0% used [0x00000000d5580000,0x00000000d5580000,0x00000000d6e00000)
  from space 5632K, 0% used [0x00000000d7380000,0x00000000d7380000,0x00000000d7900000)
  to   space 5632K, 0% used [0x00000000d6e00000,0x00000000d6e00000,0x00000000d7380000)
 ParOldGen       total 68608K, used 9737K [0x0000000080000000, 0x0000000084300000, 0x00000000d5580000)
  object space 68608K, 14% used [0x0000000080000000,0x00000000809826c0,0x0000000084300000)
 Metaspace       used 20873K, committed 21504K, reserved 1114112K
  class space    used 2013K, committed 2304K, reserved 1048576K
}

Dll operation events (11 events):
Event: 0.013 Loaded shared library c:\Users\luana\.vscode\extensions\redhat.java-1.50.0-win32-x64\jre\21.0.9-win32-x86_64\bin\java.dll
Event: 0.092 Loaded shared library c:\Users\luana\.vscode\extensions\redhat.java-1.50.0-win32-x64\jre\21.0.9-win32-x86_64\bin\zip.dll
Event: 0.112 Loaded shared library C:\Users\luana\.vscode\extensions\redhat.java-1.50.0-win32-x64\jre\21.0.9-win32-x86_64\bin\instrument.dll
Event: 0.117 Loaded shared library C:\Users\luana\.vscode\extensions\redhat.java-1.50.0-win32-x64\jre\21.0.9-win32-x86_64\bin\net.dll
Event: 0.120 Loaded shared library C:\Users\luana\.vscode\extensions\redhat.java-1.50.0-win32-x64\jre\21.0.9-win32-x86_64\bin\nio.dll
Event: 0.123 Loaded shared library C:\Users\luana\.vscode\extensions\redhat.java-1.50.0-win32-x64\jre\21.0.9-win32-x86_64\bin\zip.dll
Event: 0.138 Loaded shared library C:\Users\luana\.vscode\extensions\redhat.java-1.50.0-win32-x64\jre\21.0.9-win32-x86_64\bin\jimage.dll
Event: 0.189 Loaded shared library c:\Users\luana\.vscode\extensions\redhat.java-1.50.0-win32-x64\jre\21.0.9-win32-x86_64\bin\verify.dll
Event: 2.065 Loaded shared library C:\Users\luana\AppData\Roaming\Code\User\globalStorage\redhat.java\1.50.0\config_ss_win\org.eclipse.equinox.launcher\org.eclipse.equinox.launcher.win32.win32.x86_64_1.2.1400.v20250801-0854\eclipse_11916.dll
Event: 2.781 Loaded shared library C:\Users\luana\.vscode\extensions\redhat.java-1.50.0-win32-x64\jre\21.0.9-win32-x86_64\bin\management.dll
Event: 2.783 Loaded shared library C:\Users\luana\.vscode\extensions\redhat.java-1.50.0-win32-x64\jre\21.0.9-win32-x86_64\bin\management_ext.dll

Deoptimization events (20 events):
Event: 10.606 Thread 0x000002c58a68eb60 DEOPT PACKING pc=0x000002c5360cfcb4 sp=0x000000f6241fda60
Event: 10.606 Thread 0x000002c58a68eb60 DEOPT UNPACKING pc=0x000002c535923aa2 sp=0x000000f6241fd960 mode 2
Event: 10.606 Thread 0x000002c58a68eb60 Uncommon trap: trap_request=0xffffffc6 fr.pc=0x000002c5360cfcb4 relative=0x0000000000000954
Event: 10.606 Thread 0x000002c58a68eb60 Uncommon trap: reason=bimorphic_or_optimized_type_check action=maybe_recompile pc=0x000002c5360cfcb4 method=java.util.HashMap.putVal(ILjava/lang/Object;Ljava/lang/Object;ZZ)Ljava/lang/Object; @ 56 c2
Event: 10.606 Thread 0x000002c58a68eb60 DEOPT PACKING pc=0x000002c5360cfcb4 sp=0x000000f6241fda60
Event: 10.606 Thread 0x000002c58a68eb60 DEOPT UNPACKING pc=0x000002c535923aa2 sp=0x000000f6241fd960 mode 2
Event: 10.606 Thread 0x000002c58a68eb60 Uncommon trap: trap_request=0xffffffc6 fr.pc=0x000002c5360cfcb4 relative=0x0000000000000954
Event: 10.606 Thread 0x000002c58a68eb60 Uncommon trap: reason=bimorphic_or_optimized_type_check action=maybe_recompile pc=0x000002c5360cfcb4 method=java.util.HashMap.putVal(ILjava/lang/Object;Ljava/lang/Object;ZZ)Ljava/lang/Object; @ 56 c2
Event: 10.606 Thread 0x000002c58a68eb60 DEOPT PACKING pc=0x000002c5360cfcb4 sp=0x000000f6241fda60
Event: 10.606 Thread 0x000002c58a68eb60 DEOPT UNPACKING pc=0x000002c535923aa2 sp=0x000000f6241fd960 mode 2
Event: 10.606 Thread 0x000002c58a68eb60 Uncommon trap: trap_request=0xffffffc6 fr.pc=0x000002c5360cfcb4 relative=0x0000000000000954
Event: 10.606 Thread 0x000002c58a68eb60 Uncommon trap: reason=bimorphic_or_optimized_type_check action=maybe_recompile pc=0x000002c5360cfcb4 method=java.util.HashMap.putVal(ILjava/lang/Object;Ljava/lang/Object;ZZ)Ljava/lang/Object; @ 56 c2
Event: 10.607 Thread 0x000002c58a68eb60 DEOPT PACKING pc=0x000002c5360cfcb4 sp=0x000000f6241fda60
Event: 10.607 Thread 0x000002c58a68eb60 DEOPT UNPACKING pc=0x000002c535923aa2 sp=0x000000f6241fd960 mode 2
Event: 10.624 Thread 0x000002c58a68eb60 Uncommon trap: trap_request=0xffffff45 fr.pc=0x000002c536148cf8 relative=0x0000000000000978
Event: 10.624 Thread 0x000002c58a68eb60 Uncommon trap: reason=unstable_if action=reinterpret pc=0x000002c536148cf8 method=java.util.regex.Pattern$BmpCharPropertyGreedy.match(Ljava/util/regex/Matcher;ILjava/lang/CharSequence;)Z @ 12 c2
Event: 10.624 Thread 0x000002c58a68eb60 DEOPT PACKING pc=0x000002c536148cf8 sp=0x000000f6241fd610
Event: 10.624 Thread 0x000002c58a68eb60 DEOPT UNPACKING pc=0x000002c535923aa2 sp=0x000000f6241fd4d8 mode 2
Event: 10.748 Thread 0x000002c58a68eb60 DEOPT PACKING pc=0x000002c52e5c5f26 sp=0x000000f6241fd600
Event: 10.748 Thread 0x000002c58a68eb60 DEOPT UNPACKING pc=0x000002c535924242 sp=0x000000f6241fcaf8 mode 0

Classes loaded (20 events):
Event: 10.810 Loading class com/sun/org/apache/xml/internal/serializer/AttributesImplSerializer
Event: 10.810 Loading class org/xml/sax/helpers/AttributesImpl
Event: 10.810 Loading class org/xml/sax/helpers/AttributesImpl done
Event: 10.810 Loading class com/sun/org/apache/xml/internal/serializer/AttributesImplSerializer done
Event: 10.811 Loading class com/sun/org/apache/xml/internal/serializer/ElemContext
Event: 10.811 Loading class com/sun/org/apache/xml/internal/serializer/ElemContext done
Event: 10.811 Loading class com/sun/org/apache/xml/internal/serializer/ToStream$BoolStack
Event: 10.811 Loading class com/sun/org/apache/xml/internal/serializer/ToStream$BoolStack done
Event: 10.811 Loading class com/sun/org/apache/xml/internal/serializer/EncodingInfo
Event: 10.811 Loading class com/sun/org/apache/xml/internal/serializer/EncodingInfo done
Event: 10.811 Loading class com/sun/org/apache/xml/internal/serializer/ToStream$CharacterBuffer
Event: 10.811 Loading class com/sun/org/apache/xml/internal/serializer/ToStream$CharacterBuffer done
Event: 10.811 Loading class com/sun/org/apache/xml/internal/serializer/Encodings
Event: 10.811 Loading class com/sun/org/apache/xml/internal/serializer/Encodings done
Event: 10.811 Loading class com/sun/org/apache/xml/internal/serializer/Encodings$EncodingInfos
Event: 10.812 Loading class com/sun/org/apache/xml/internal/serializer/Encodings$EncodingInfos done
Event: 10.814 Loading class java/nio/charset/Charset$ExtendedProviderHolder
Event: 10.814 Loading class java/nio/charset/Charset$ExtendedProviderHolder done
Event: 10.814 Loading class java/nio/charset/Charset$ExtendedProviderHolder$1
Event: 10.814 Loading class java/nio/charset/Charset$ExtendedProviderHolder$1 done

Classes unloaded (7 events):
Event: 9.478 Thread 0x000002c52b33e820 Unloading class 0x000002c543191400 'java/lang/invoke/LambdaForm$MH+0x000002c543191400'
Event: 9.478 Thread 0x000002c52b33e820 Unloading class 0x000002c543191000 'java/lang/invoke/LambdaForm$MH+0x000002c543191000'
Event: 9.478 Thread 0x000002c52b33e820 Unloading class 0x000002c543190c00 'java/lang/invoke/LambdaForm$MH+0x000002c543190c00'
Event: 9.478 Thread 0x000002c52b33e820 Unloading class 0x000002c543190800 'java/lang/invoke/LambdaForm$MH+0x000002c543190800'
Event: 9.478 Thread 0x000002c52b33e820 Unloading class 0x000002c543190400 'java/lang/invoke/LambdaForm$BMH+0x000002c543190400'
Event: 9.478 Thread 0x000002c52b33e820 Unloading class 0x000002c543190000 'java/lang/invoke/LambdaForm$DMH+0x000002c543190000'
Event: 9.478 Thread 0x000002c52b33e820 Unloading class 0x000002c54318ec00 'java/lang/invoke/LambdaForm$DMH+0x000002c54318ec00'

Classes redefined (0 events):
No events

Internal exceptions (20 events):
Event: 2.912 Thread 0x000002c58a68eb60 Exception <a 'java/lang/NoSuchMethodError'{0x00000000d6212438}: 'void java.lang.invoke.DirectMethodHandle$Holder.invokeSpecial(java.lang.Object, java.lang.Object, java.lang.Object, java.lang.Object, java.lang.Object)'> (0x00000000d6212438) 
thrown [s\src\hotspot\share\interpreter\linkResolver.cpp, line 773]
Event: 2.934 Thread 0x000002c58a68eb60 Exception <a 'java/lang/NoSuchMethodError'{0x00000000d642e618}: 'double java.lang.invoke.DirectMethodHandle$Holder.invokeStatic(java.lang.Object, java.lang.Object)'> (0x00000000d642e618) 
thrown [s\src\hotspot\share\interpreter\linkResolver.cpp, line 773]
Event: 2.934 Thread 0x000002c58a68eb60 Exception <a 'java/lang/NoSuchMethodError'{0x00000000d6431cd8}: 'double java.lang.invoke.DirectMethodHandle$Holder.invokeStaticInit(java.lang.Object, java.lang.Object)'> (0x00000000d6431cd8) 
thrown [s\src\hotspot\share\interpreter\linkResolver.cpp, line 773]
Event: 4.032 Thread 0x000002c58a68eb60 Exception <a 'java/io/FileNotFoundException'{0x00000000d5b7fc68}> (0x00000000d5b7fc68) 
thrown [s\src\hotspot\share\prims\jni.cpp, line 520]
Event: 4.032 Thread 0x000002c58a68eb60 Exception <a 'java/io/FileNotFoundException'{0x00000000d5b80ad0}> (0x00000000d5b80ad0) 
thrown [s\src\hotspot\share\prims\jni.cpp, line 520]
Event: 4.032 Thread 0x000002c58a68eb60 Exception <a 'java/io/FileNotFoundException'{0x00000000d5b81a38}> (0x00000000d5b81a38) 
thrown [s\src\hotspot\share\prims\jni.cpp, line 520]
Event: 4.130 Thread 0x000002c58a68eb60 Exception <a 'java/lang/NoSuchMethodError'{0x00000000d64c65b8}: 'int java.lang.invoke.DirectMethodHandle$Holder.invokeStaticInit(java.lang.Object, java.lang.Object, java.lang.Object)'> (0x00000000d64c65b8) 
thrown [s\src\hotspot\share\interpreter\linkResolver.cpp, line 773]
Event: 4.157 Thread 0x000002c58a68eb60 Implicit null exception at 0x000002c53612d1f5 to 0x000002c53612d2d0
Event: 9.300 Thread 0x000002c58a68eb60 Exception <a 'java/io/FileNotFoundException'{0x00000000d579b6d0}> (0x00000000d579b6d0) 
thrown [s\src\hotspot\share\prims\jni.cpp, line 520]
Event: 9.301 Thread 0x000002c58a68eb60 Exception <a 'java/lang/NoSuchMethodError'{0x00000000d57a2f78}: 'java.lang.Object java.lang.invoke.DirectMethodHandle$Holder.newInvokeSpecial(java.lang.Object, int, java.lang.Object, java.lang.Object)'> (0x00000000d57a2f78) 
thrown [s\src\hotspot\share\interpreter\linkResolver.cpp, line 773]
Event: 9.347 Thread 0x000002c58a68eb60 Exception <a 'java/io/FileNotFoundException'{0x00000000d6344388}> (0x00000000d6344388) 
thrown [s\src\hotspot\share\prims\jni.cpp, line 520]
Event: 10.560 Thread 0x000002c58a68eb60 Exception <a 'java/io/FileNotFoundException'{0x00000000d5826bd8}> (0x00000000d5826bd8) 
thrown [s\src\hotspot\share\prims\jni.cpp, line 520]
Event: 10.616 Thread 0x000002c58a68eb60 Exception <a 'sun/nio/fs/WindowsException'{0x00000000d5a11c08}> (0x00000000d5a11c08) 
thrown [s\src\hotspot\share\prims\jni.cpp, line 520]
Event: 10.616 Thread 0x000002c58a68eb60 Exception <a 'sun/nio/fs/WindowsException'{0x00000000d5a158f0}> (0x00000000d5a158f0) 
thrown [s\src\hotspot\share\prims\jni.cpp, line 520]
Event: 10.633 Thread 0x000002c58a68eb60 Exception <a 'sun/nio/fs/WindowsException'{0x00000000d5ae2d60}> (0x00000000d5ae2d60) 
thrown [s\src\hotspot\share\prims\jni.cpp, line 520]
Event: 10.652 Thread 0x000002c58a68eb60 Exception <a 'java/lang/NoSuchMethodError'{0x00000000d5bdb380}: 'java.lang.Object java.lang.invoke.DirectMethodHandle$Holder.invokeStaticInit(java.lang.Object, int, int, int, int)'> (0x00000000d5bdb380) 
thrown [s\src\hotspot\share\interpreter\linkResolver.cpp, line 773]
Event: 10.684 Thread 0x000002c58a68eb60 Exception <a 'java/lang/NoSuchMethodError'{0x00000000d5d0af78}: 'java.lang.Object java.lang.invoke.DirectMethodHandle$Holder.invokeStaticInit(java.lang.Object, java.lang.Object, int, int, int, int)'> (0x00000000d5d0af78) 
thrown [s\src\hotspot\share\interpreter\linkResolver.cpp, line 773]
Event: 10.737 Thread 0x000002c58a68eb60 Exception <a 'sun/nio/fs/WindowsException'{0x00000000d6015510}> (0x00000000d6015510) 
thrown [s\src\hotspot\share\prims\jni.cpp, line 520]
Event: 10.738 Thread 0x000002c58a68eb60 Exception <a 'sun/nio/fs/WindowsException'{0x00000000d601dc68}> (0x00000000d601dc68) 
thrown [s\src\hotspot\share\prims\jni.cpp, line 520]
Event: 10.803 Thread 0x000002c58a68eb60 Exception <a 'java/lang/ClassNotFoundException'{0x00000000d62dd028}: com/sun/org/apache/xml/internal/serializer/spi/XMLEntitiesProvider> (0x00000000d62dd028) 
thrown [s\src\hotspot\share\classfile\systemDictionary.cpp, line 312]

ZGC Phase Switch (0 events):
No events

VM Operations (20 events):
Event: 2.996 Executing VM operation: ParallelGCFailedAllocation (Allocation Failure) done
Event: 4.007 Executing VM operation: Cleanup
Event: 4.022 Executing VM operation: Cleanup done
Event: 5.025 Executing VM operation: Cleanup
Event: 5.184 Executing VM operation: Cleanup done
Event: 7.197 Executing VM operation: Cleanup
Event: 7.197 Executing VM operation: Cleanup done
Event: 7.249 Executing VM operation: ParallelGCFailedAllocation (Allocation Failure)
Event: 8.262 Executing VM operation: ParallelGCFailedAllocation (Allocation Failure) done
Event: 9.264 Executing VM operation: Cleanup
Event: 9.264 Executing VM operation: Cleanup done
Event: 9.471 Executing VM operation: CollectForMetadataAllocation (Metadata GC Threshold)
Event: 9.497 Executing VM operation: CollectForMetadataAllocation (Metadata GC Threshold) done
Event: 10.497 Executing VM operation: Cleanup
Event: 10.528 Executing VM operation: Cleanup done
Event: 10.605 Executing VM operation: HandshakeAllThreads (Deoptimize)
Event: 10.605 Executing VM operation: HandshakeAllThreads (Deoptimize) done
Event: 10.697 Executing VM operation: HandshakeAllThreads (Deoptimize)
Event: 10.697 Executing VM operation: HandshakeAllThreads (Deoptimize) done
Event: 11.705 Executing VM operation: Cleanup

Memory protections (0 events):
No events

Nmethod flushes (0 events):
No events

Events (20 events):
Event: 2.024 Thread 0x000002c52b27ebd0 Thread added: 0x000002c58a796fb0
Event: 2.031 Thread 0x000002c52b27ebd0 Thread added: 0x000002c58a68eb60
Event: 2.338 Thread 0x000002c58a68eb60 Thread added: 0x000002c58a52c8a0
Event: 2.421 Thread 0x000002c584395dc0 Thread added: 0x000002c58a7729b0
Event: 2.421 Thread 0x000002c584395dc0 Thread added: 0x000002c58a8771e0
Event: 2.630 Thread 0x000002c58a68eb60 Thread added: 0x000002c58a7ea870
Event: 2.706 Thread 0x000002c584395dc0 Thread added: 0x000002c58a8917e0
Event: 2.879 Thread 0x000002c58a68eb60 Thread added: 0x000002c58aa3ad00
Event: 2.898 Thread 0x000002c58a68eb60 Thread added: 0x000002c58ab47410
Event: 4.036 Thread 0x000002c58a8771e0 Thread exited: 0x000002c58a8771e0
Event: 4.036 Thread 0x000002c58a8917e0 Thread exited: 0x000002c58a8917e0
Event: 4.059 Thread 0x000002c584395dc0 Thread exited: 0x000002c584395dc0
Event: 4.059 Thread 0x000002c58a7729b0 Thread exited: 0x000002c58a7729b0
Event: 4.059 Thread 0x000002c584393f70 Thread exited: 0x000002c584393f70
Event: 8.264 Thread 0x000002c5842b19e0 Thread added: 0x000002c58ad2e970
Event: 9.336 Thread 0x000002c5842b19e0 Thread added: 0x000002c58b2b8120
Event: 9.336 Thread 0x000002c5842b19e0 Thread added: 0x000002c58ad37910
Event: 9.336 Thread 0x000002c5842b19e0 Thread added: 0x000002c5842f3da0
Event: 10.540 Thread 0x000002c58a68eb60 Thread added: 0x000002c58ad695c0
Event: 10.638 Thread 0x000002c58ad695c0 Thread exited: 0x000002c58ad695c0


Dynamic libraries:
0x00007ff65f8b0000 - 0x00007ff65f8be000 	c:\Users\luana\.vscode\extensions\redhat.java-1.50.0-win32-x64\jre\21.0.9-win32-x86_64\bin\java.exe
0x00007ff9867e0000 - 0x00007ff986a48000 	C:\WINDOWS\SYSTEM32\ntdll.dll
0x00007ff9859f0000 - 0x00007ff985ab9000 	C:\WINDOWS\System32\KERNEL32.DLL
0x00007ff983c70000 - 0x00007ff984062000 	C:\WINDOWS\System32\KERNELBASE.dll
0x00007ff9839a0000 - 0x00007ff983aeb000 	C:\WINDOWS\System32\ucrtbase.dll
0x00007ff96c5e0000 - 0x00007ff96c5fe000 	c:\Users\luana\.vscode\extensions\redhat.java-1.50.0-win32-x64\jre\21.0.9-win32-x86_64\bin\VCRUNTIME140.dll
0x00007ff96ae30000 - 0x00007ff96ae48000 	c:\Users\luana\.vscode\extensions\redhat.java-1.50.0-win32-x64\jre\21.0.9-win32-x86_64\bin\jli.dll
0x00007ff985b90000 - 0x00007ff985d55000 	C:\WINDOWS\System32\USER32.dll
0x00007ff983970000 - 0x00007ff983997000 	C:\WINDOWS\System32\win32u.dll
0x00007ff963b90000 - 0x00007ff963e23000 	C:\WINDOWS\WinSxS\amd64_microsoft.windows.common-controls_6595b64144ccf1df_6.0.26100.6899_none_3e0efeeae32e88c1\COMCTL32.dll
0x00007ff984cb0000 - 0x00007ff984cdb000 	C:\WINDOWS\System32\GDI32.dll
0x00007ff984070000 - 0x00007ff98419d000 	C:\WINDOWS\System32\gdi32full.dll
0x00007ff985740000 - 0x00007ff9857e9000 	C:\WINDOWS\System32\msvcrt.dll
0x00007ff984240000 - 0x00007ff9842e3000 	C:\WINDOWS\System32\msvcp_win.dll
0x00007ff984640000 - 0x00007ff98466f000 	C:\WINDOWS\System32\IMM32.DLL
0x00007ff96e540000 - 0x00007ff96e54c000 	c:\Users\luana\.vscode\extensions\redhat.java-1.50.0-win32-x64\jre\21.0.9-win32-x86_64\bin\vcruntime140_1.dll
0x00007ff94bfc0000 - 0x00007ff94c04d000 	c:\Users\luana\.vscode\extensions\redhat.java-1.50.0-win32-x64\jre\21.0.9-win32-x86_64\bin\msvcp140.dll
0x00007ff8ffcb0000 - 0x00007ff900a50000 	c:\Users\luana\.vscode\extensions\redhat.java-1.50.0-win32-x64\jre\21.0.9-win32-x86_64\bin\server\jvm.dll
0x00007ff984bf0000 - 0x00007ff984ca4000 	C:\WINDOWS\System32\ADVAPI32.dll
0x00007ff984680000 - 0x00007ff984726000 	C:\WINDOWS\System32\sechost.dll
0x00007ff984ce0000 - 0x00007ff984df8000 	C:\WINDOWS\System32\RPCRT4.dll
0x00007ff986470000 - 0x00007ff9864e4000 	C:\WINDOWS\System32\WS2_32.dll
0x00007ff9825a0000 - 0x00007ff9825fe000 	C:\WINDOWS\SYSTEM32\POWRPROF.dll
0x00007ff97c830000 - 0x00007ff97c83b000 	C:\WINDOWS\SYSTEM32\VERSION.dll
0x00007ff97bef0000 - 0x00007ff97bf25000 	C:\WINDOWS\SYSTEM32\WINMM.dll
0x00007ff982580000 - 0x00007ff982594000 	C:\WINDOWS\SYSTEM32\UMPDC.dll
0x00007ff982860000 - 0x00007ff98287b000 	C:\WINDOWS\SYSTEM32\kernel.appcore.dll
0x00007ff96e520000 - 0x00007ff96e52a000 	c:\Users\luana\.vscode\extensions\redhat.java-1.50.0-win32-x64\jre\21.0.9-win32-x86_64\bin\jimage.dll
0x00007ff981010000 - 0x00007ff981252000 	C:\WINDOWS\SYSTEM32\DBGHELP.DLL
0x00007ff984870000 - 0x00007ff984beb000 	C:\WINDOWS\System32\combase.dll
0x00007ff984e00000 - 0x00007ff984ed7000 	C:\WINDOWS\System32\OLEAUT32.dll
0x00007ff95ccc0000 - 0x00007ff95ccfc000 	C:\WINDOWS\SYSTEM32\dbgcore.DLL
0x00007ff9841a0000 - 0x00007ff984238000 	C:\WINDOWS\System32\bcryptPrimitives.dll
0x00007ff962e90000 - 0x00007ff962e9f000 	c:\Users\luana\.vscode\extensions\redhat.java-1.50.0-win32-x64\jre\21.0.9-win32-x86_64\bin\instrument.dll
0x00007ff96ab00000 - 0x00007ff96ab20000 	c:\Users\luana\.vscode\extensions\redhat.java-1.50.0-win32-x64\jre\21.0.9-win32-x86_64\bin\java.dll
0x00007ff984f60000 - 0x00007ff9856ad000 	C:\WINDOWS\System32\SHELL32.dll
0x00007ff9843b0000 - 0x00007ff98451b000 	C:\WINDOWS\System32\wintypes.dll
0x00007ff9815e0000 - 0x00007ff981e3d000 	C:\WINDOWS\SYSTEM32\windows.storage.dll
0x00007ff984730000 - 0x00007ff984822000 	C:\WINDOWS\System32\SHCORE.dll
0x00007ff985b20000 - 0x00007ff985b82000 	C:\WINDOWS\System32\shlwapi.dll
0x00007ff983890000 - 0x00007ff9838b9000 	C:\WINDOWS\SYSTEM32\profapi.dll
0x00007ff96ef40000 - 0x00007ff96ef58000 	c:\Users\luana\.vscode\extensions\redhat.java-1.50.0-win32-x64\jre\21.0.9-win32-x86_64\bin\zip.dll
0x00007ff96da00000 - 0x00007ff96da10000 	C:\Users\luana\.vscode\extensions\redhat.java-1.50.0-win32-x64\jre\21.0.9-win32-x86_64\bin\net.dll
0x00007ff97cf30000 - 0x00007ff97d04f000 	C:\WINDOWS\SYSTEM32\WINHTTP.dll
0x00007ff982dd0000 - 0x00007ff982e3b000 	C:\WINDOWS\system32\mswsock.dll
0x00007ff96a990000 - 0x00007ff96a9a6000 	C:\Users\luana\.vscode\extensions\redhat.java-1.50.0-win32-x64\jre\21.0.9-win32-x86_64\bin\nio.dll
0x00007ff96a8d0000 - 0x00007ff96a8e0000 	c:\Users\luana\.vscode\extensions\redhat.java-1.50.0-win32-x64\jre\21.0.9-win32-x86_64\bin\verify.dll
0x00007ff960b60000 - 0x00007ff960ba4000 	C:\Users\luana\AppData\Roaming\Code\User\globalStorage\redhat.java\1.50.0\config_ss_win\org.eclipse.equinox.launcher\org.eclipse.equinox.launcher.win32.win32.x86_64_1.2.1400.v20250801-0854\eclipse_11916.dll
0x00007ff985800000 - 0x00007ff985998000 	C:\WINDOWS\System32\ole32.dll
0x00007ff96c640000 - 0x00007ff96c64a000 	C:\Users\luana\.vscode\extensions\redhat.java-1.50.0-win32-x64\jre\21.0.9-win32-x86_64\bin\management.dll
0x00007ff96c160000 - 0x00007ff96c16c000 	C:\Users\luana\.vscode\extensions\redhat.java-1.50.0-win32-x64\jre\21.0.9-win32-x86_64\bin\management_ext.dll
0x00007ff9845b0000 - 0x00007ff9845b8000 	C:\WINDOWS\System32\PSAPI.DLL
0x00007ff983080000 - 0x00007ff98309b000 	C:\WINDOWS\SYSTEM32\CRYPTSP.dll
0x00007ff9827c0000 - 0x00007ff9827fb000 	C:\WINDOWS\system32\rsaenh.dll
0x00007ff982e70000 - 0x00007ff982e9b000 	C:\WINDOWS\SYSTEM32\USERENV.dll
0x00007ff983860000 - 0x00007ff983886000 	C:\WINDOWS\SYSTEM32\bcrypt.dll
0x00007ff9830a0000 - 0x00007ff9830ac000 	C:\WINDOWS\SYSTEM32\CRYPTBASE.dll
0x00007ff982320000 - 0x00007ff982354000 	C:\WINDOWS\SYSTEM32\IPHLPAPI.DLL
0x00007ff984860000 - 0x00007ff98486a000 	C:\WINDOWS\System32\NSI.dll

JVMTI agents:
c:\Users\luana\.vscode\extensions\redhat.java-1.50.0-win32-x64\lombok\lombok-1.18.39-4050.jar path:c:\Users\luana\.vscode\extensions\redhat.java-1.50.0-win32-x64\jre\21.0.9-win32-x86_64\bin\instrument.dll, loaded, initialized, instrumentlib options:none

dbghelp: loaded successfully - version: 4.0.5 - missing functions: none
symbol engine: initialized successfully - sym options: 0x614 - pdb path: .;c:\Users\luana\.vscode\extensions\redhat.java-1.50.0-win32-x64\jre\21.0.9-win32-x86_64\bin;C:\WINDOWS\SYSTEM32;C:\WINDOWS\WinSxS\amd64_microsoft.windows.common-controls_6595b64144ccf1df_6.0.26100.6899_none_3e0efeeae32e88c1;c:\Users\luana\.vscode\extensions\redhat.java-1.50.0-win32-x64\jre\21.0.9-win32-x86_64\bin\server;C:\Users\luana\AppData\Roaming\Code\User\globalStorage\redhat.java\1.50.0\config_ss_win\org.eclipse.equinox.launcher\org.eclipse.equinox.launcher.win32.win32.x86_64_1.2.1400.v20250801-0854

VM Arguments:
jvm_args: --add-modules=ALL-SYSTEM --add-opens=java.base/java.util=ALL-UNNAMED --add-opens=java.base/java.lang=ALL-UNNAMED --add-opens=java.base/sun.nio.fs=ALL-UNNAMED -Declipse.application=org.eclipse.jdt.ls.core.id1 -Dosgi.bundles.defaultStartLevel=4 -Declipse.product=org.eclipse.jdt.ls.core.product -Djava.import.generatesMetadataFilesAtProjectRoot=false -DDetectVMInstallationsJob.disabled=true -Dfile.encoding=utf8 -XX:+UseParallelGC -XX:GCTimeRatio=4 -XX:AdaptiveSizePolicyWeight=90 -Dsun.zip.disableMemoryMapping=true -Xmx2G -Xms100m -Xlog:disable -javaagent:c:\Users\luana\.vscode\extensions\redhat.java-1.50.0-win32-x64\lombok\lombok-1.18.39-4050.jar 
java_command: c:\Users\luana\.vscode\extensions\redhat.java-1.50.0-win32-x64\server\plugins\org.eclipse.equinox.launcher_1.7.100.v20251111-0406.jar -configuration c:\Users\luana\AppData\Roaming\Code\User\globalStorage\redhat.java\1.50.0\config_ss_win -data c:\Users\luana\AppData\Roaming\Code\User\workspaceStorage\984f6a04f03c4f7c3312a9d56d43c709\redhat.java\ss_ws --pipe=\\.\pipe\lsp-ba5c8a6f5dfc9bcba1faeb5954918d32-sock
java_class_path (initial): c:\Users\luana\.vscode\extensions\redhat.java-1.50.0-win32-x64\server\plugins\org.eclipse.equinox.launcher_1.7.100.v20251111-0406.jar
Launcher Type: SUN_STANDARD

[Global flags]
    uintx AdaptiveSizePolicyWeight                 = 90                                        {product} {command line}
     intx CICompilerCount                          = 12                                        {product} {ergonomic}
    uintx GCTimeRatio                              = 4                                         {product} {command line}
   size_t InitialHeapSize                          = 104857600                                 {product} {command line}
   size_t MaxHeapSize                              = 2147483648                                {product} {command line}
   size_t MaxNewSize                               = 715653120                                 {product} {ergonomic}
   size_t MinHeapDeltaBytes                        = 524288                                    {product} {ergonomic}
   size_t MinHeapSize                              = 104857600                                 {product} {command line}
   size_t NewSize                                  = 34603008                                  {product} {ergonomic}
    uintx NonNMethodCodeHeapSize                   = 7602480                                {pd product} {ergonomic}
    uintx NonProfiledCodeHeapSize                  = 122027880                              {pd product} {ergonomic}
   size_t OldSize                                  = 70254592                                  {product} {ergonomic}
    uintx ProfiledCodeHeapSize                     = 122027880                              {pd product} {ergonomic}
    uintx ReservedCodeCacheSize                    = 251658240                              {pd product} {ergonomic}
     bool SegmentedCodeCache                       = true                                      {product} {ergonomic}
   size_t SoftMaxHeapSize                          = 2147483648                             {manageable} {ergonomic}
     bool UseCompressedOops                        = true                           {product lp64_product} {ergonomic}
     bool UseLargePagesIndividualAllocation        = false                                  {pd product} {ergonomic}
     bool UseParallelGC                            = true                                      {product} {command line}

Logging:
Log output configuration:
 #0: stdout all=off uptime,level,tags foldmultilines=false
 #1: stderr all=off uptime,level,tags foldmultilines=false

Release file:
JAVA_VERSION="21.0.9" 
MODULES="java.base java.compiler java.datatransfer java.xml java.prefs java.desktop java.instrument java.logging java.management java.security.sasl java.naming java.rmi java.management.rmi java.net.http java.scripting java.security.jgss java.transaction.xa java.sql java.sql.rowset java.xml.crypto java.se java.smartcardio jdk.accessibility jdk.internal.jvmstat jdk.attach jdk.charsets jdk.internal.opt jdk.zipfs jdk.compiler jdk.crypto.ec jdk.crypto.cryptoki jdk.crypto.mscapi jdk.dynalink jdk.internal.ed jdk.editpad jdk.hotspot.agent jdk.httpserver jdk.internal.le jdk.internal.vm.ci jdk.internal.vm.compiler jdk.internal.vm.compiler.management jdk.jartool jdk.javadoc jdk.jcmd jdk.management jdk.management.agent jdk.jconsole jdk.jdeps jdk.jdwp.agent jdk.jdi jdk.jfr jdk.jshell jdk.jsobject jdk.jstatd jdk.localedata jdk.management.jfr jdk.naming.dns jdk.naming.rmi jdk.net jdk.nio.mapmode jdk.random jdk.sctp jdk.security.auth jdk.security.jgss jdk.unsupported jdk.unsupported.desktop jdk.xml.dom" 

Environment Variables:
JAVA_HOME=C:\Users\luana\Downloads\openjdk-21+35_windows-x64_bin\jdk-21
PATH=C:\Program Files\Common Files\Oracle\Java\javapath;C:\Program Files (x86)\Common Files\Oracle\Java\java8path;C:\Program Files (x86)\Common Files\Oracle\Java\javapath;C:\Windows\system32;C:\Windows;C:\Windows\System32\Wbem;C:\Windows\System32\WindowsPowerShell\v1.0\;C:\Windows\System32\OpenSSH\;C:\Program Files\dotnet\;C:\Program Files (x86)\NVIDIA Corporation\PhysX\Common;C:\Program Files\NVIDIA Corporation\NVIDIA NvDLISR;C:\WINDOWS\system32;C:\WINDOWS;C:\WINDOWS\System32\Wbem;C:\WINDOWS\System32\WindowsPowerShell\v1.0\;C:\WINDOWS\System32\OpenSSH\;C:\Program Files\Git\cmd;C:\Users\luana\Downloads\spark-3.4.4-bin-hadoop3\spark-3.4.4-bin-hadoop3\bin;C:\Users\luana\Downloads\openjdk-21+35_windows-x64_bin\jdk-21\bin;C:\Users\luana\AppData\Local\Programs\Python\Launcher\;C:\Users\luana\AppData\Local\Microsoft\WindowsApps;C:\Users\luana\AppData\Local\Programs\Microsoft VS Code\bin;C:\Program Files\MySQL\MySQL Server 8.3\bin;C:\Users\luana\OneDrive\Documentos\UFRN\Semestre 2024.2\TS\apache-maven-3.9.9\bin;C:\Users\luana\.dotnet\tools;C:\Users\luana\AppData\Local\Google\Cloud SDK\google-cloud-sdk\bin
USERNAME=luana
OS=Windows_NT
PROCESSOR_IDENTIFIER=Intel64 Family 6 Model 183 Stepping 1, GenuineIntel
TMP=C:\Users\luana\AppData\Local\Temp
TEMP=C:\Users\luana\AppData\Local\Temp




Periodic native trim disabled

---------------  S Y S T E M  ---------------

OS:
 Windows 11 , 64 bit Build 26100 (10.0.26100.6725)
OS uptime: 10 days 9:17 hours
Hyper-V role detected

CPU: total 16 (initial active 16) (8 cores per cpu, 2 threads per core) family 6 model 183 stepping 1 microcode 0x12f, cx8, cmov, fxsr, ht, mmx, 3dnowpref, sse, sse2, sse3, ssse3, sse4.1, sse4.2, popcnt, lzcnt, tsc, tscinvbit, avx, avx2, aes, erms, clmul, bmi1, bmi2, adx, sha, fma, vzeroupper, clflush, clflushopt, clwb, hv, serialize, rdtscp, rdpid, fsrm, f16c, cet_ibt, cet_ss
Processor Information for processor 0
  Max Mhz: 2400, Current Mhz: 2400, Mhz Limit: 2400
Processor Information for processor 1
  Max Mhz: 2400, Current Mhz: 2400, Mhz Limit: 2400
Processor Information for processor 2
  Max Mhz: 2400, Current Mhz: 2400, Mhz Limit: 2400
Processor Information for processor 3
  Max Mhz: 2400, Current Mhz: 2400, Mhz Limit: 2400
Processor Information for processor 4
  Max Mhz: 2400, Current Mhz: 2400, Mhz Limit: 2400
Processor Information for processor 5
  Max Mhz: 2400, Current Mhz: 2400, Mhz Limit: 2400
Processor Information for processor 6
  Max Mhz: 2400, Current Mhz: 2400, Mhz Limit: 2400
Processor Information for processor 7
  Max Mhz: 2400, Current Mhz: 2400, Mhz Limit: 2400
Processor Information for processor 8
  Max Mhz: 2400, Current Mhz: 2400, Mhz Limit: 2400
Processor Information for processor 9
  Max Mhz: 2400, Current Mhz: 2400, Mhz Limit: 2400
Processor Information for processor 10
  Max Mhz: 2400, Current Mhz: 2400, Mhz Limit: 2400
Processor Information for processor 11
  Max Mhz: 2400, Current Mhz: 2400, Mhz Limit: 2400
Processor Information for processor 12
  Max Mhz: 2400, Current Mhz: 2400, Mhz Limit: 2400
Processor Information for processor 13
  Max Mhz: 2400, Current Mhz: 1466, Mhz Limit: 2400
Processor Information for processor 14
  Max Mhz: 2400, Current Mhz: 1466, Mhz Limit: 2400
Processor Information for processor 15
  Max Mhz: 2400, Current Mhz: 2400, Mhz Limit: 2400

Memory: 4k page, system-wide physical 7876M (779M free)
TotalPageFile size 32452M (AvailPageFile size 15M)
current process WorkingSet (physical memory assigned to process): 161M, peak: 166M
current process commit charge ("private bytes"): 326M, peak: 326M

vm_info: OpenJDK 64-Bit Server VM (21.0.9+10-LTS) for windows-amd64 JRE (21.0.9+10-LTS), built on 2025-10-21T00:00:00Z by "admin" with unknown MS VC++:1942

END.
