#
# There is insufficient memory for the Java Runtime Environment to continue.
# Native memory allocation (mmap) failed to map 33554432 bytes. Error detail: G1 virtual space
# Possible reasons:
#   The system is out of physical RAM or swap space
#   This process is running with CompressedOops enabled, and the Java Heap may be blocking the growth of the native heap
# Possible solutions:
#   Reduce memory load on the system
#   Increase physical memory or swap space
#   Check if swap backing store is full
#   Decrease Java heap size (-Xmx/-Xms)
#   Decrease number of Java threads
#   Decrease Java thread stack sizes (-Xss)
#   Set larger code cache with -XX:ReservedCodeCacheSize=
#   JVM is running with Zero Based Compressed Oops mode in which the Java heap is
#     placed in the first 32GB address space. The Java Heap base address is the
#     maximum limit for the native heap growth. Please use -XX:HeapBaseMinAddress
#     to set the Java Heap base and to place the Java Heap above 32GB virtual address.
# This output file may be truncated or incomplete.
#
#  Out of Memory Error (os_windows.cpp:3713), pid=27180, tid=80760
#
# JRE version: OpenJDK Runtime Environment Temurin-21.0.9+10 (21.0.9+10) (build 21.0.9+10-LTS)
# Java VM: OpenJDK 64-Bit Server VM Temurin-21.0.9+10 (21.0.9+10-LTS, mixed mode, sharing, tiered, compressed oops, compressed class ptrs, g1 gc, windows-amd64)
# No core dump will be written. Minidumps are not enabled by default on client versions of Windows
#

---------------  S U M M A R Y ------------

Command Line: --add-opens=java.base/java.lang=ALL-UNNAMED --add-opens=java.base/java.lang.invoke=ALL-UNNAMED --add-opens=java.base/java.util=ALL-UNNAMED --add-opens=java.prefs/java.util.prefs=ALL-UNNAMED --add-exports=jdk.compiler/com.sun.tools.javac.api=ALL-UNNAMED --add-exports=jdk.compiler/com.sun.tools.javac.util=ALL-UNNAMED --add-opens=java.base/java.util=ALL-UNNAMED --add-opens=java.prefs/java.util.prefs=ALL-UNNAMED --add-opens=java.base/java.nio.charset=ALL-UNNAMED --add-opens=java.base/java.net=ALL-UNNAMED --add-opens=java.base/java.util.concurrent.atomic=ALL-UNNAMED --add-opens=java.xml/javax.xml.namespace=ALL-UNNAMED -XX:MaxMetaspaceSize=4G -XX:ReservedCodeCacheSize=512m -XX:+HeapDumpOnOutOfMemoryError -Xmx8G -Dfile.encoding=UTF-8 -Duser.country=BR -Duser.language=pt -Duser.variant -javaagent:C:\Users\luana\.gradle\wrapper\dists\gradle-8.14-all\c2qonpi39x1mddn7hk5gh9iqj\gradle-8.14\lib\agents\gradle-instrumentation-agent-8.14.jar org.gradle.launcher.daemon.bootstrap.GradleDaemon 8.14

Host: 13th Gen Intel(R) Core(TM) i5-13450HX, 16 cores, 7G,  Windows 11 , 64 bit Build 26100 (10.0.26100.6725)
Time: Tue Dec  2 20:42:41 2025 Hora oficial do Brasil elapsed time: 16.689359 seconds (0d 0h 0m 16s)

---------------  T H R E A D  ---------------

Current thread (0x000001d94bf72000):  VMThread "VM Thread"          [id=80760, stack(0x000000c009600000,0x000000c009700000) (1024K)]

Stack: [0x000000c009600000,0x000000c009700000]
Native frames: (J=compiled Java code, j=interpreted, Vv=VM code, C=native code)
V  [jvm.dll+0x6d6e29]
V  [jvm.dll+0x8b4b76]
V  [jvm.dll+0x8b712e]
V  [jvm.dll+0x8b7813]
V  [jvm.dll+0x283d86]
V  [jvm.dll+0x6d3745]
V  [jvm.dll+0x6c747a]
V  [jvm.dll+0x35e7e8]
V  [jvm.dll+0x366426]
V  [jvm.dll+0x3b73fe]
V  [jvm.dll+0x3b76a8]
V  [jvm.dll+0x3329ec]
V  [jvm.dll+0x332a77]
V  [jvm.dll+0x37684c]
V  [jvm.dll+0x374fee]
V  [jvm.dll+0x332131]
V  [jvm.dll+0x37465a]
V  [jvm.dll+0x8bd500]
V  [jvm.dll+0x8be8a4]
V  [jvm.dll+0x8bede0]
V  [jvm.dll+0x8bf083]
V  [jvm.dll+0x85e9ad]
V  [jvm.dll+0x6d565d]
C  [ucrtbase.dll+0x37b0]
C  [KERNEL32.DLL+0x2e8d7]
C  [ntdll.dll+0x8c53c]

VM_Operation (0x000000c00b7f20d0): G1CollectForAllocation, mode: safepoint, requested by thread 0x000001d995ee8190


---------------  P R O C E S S  ---------------

Threads class SMR info:
_java_thread_list=0x000001d999fb9730, length=204, elements={
0x000001d91e110d00, 0x000001d94bf88e90, 0x000001d94bf899e0, 0x000001d94bf92040,
0x000001d94bf92a90, 0x000001d94bf94180, 0x000001d94bf99b90, 0x000001d94bf9c490,
0x000001d94bfab790, 0x000001d94bfbe560, 0x000001d9943421c0, 0x000001d994278b80,
0x000001d9948b0c30, 0x000001d994d5f6b0, 0x000001d995bc6440, 0x000001d995a69f80,
0x000001d994a98dc0, 0x000001d995e63d60, 0x000001d995e2e6b0, 0x000001d995b438b0,
0x000001d995ee8190, 0x000001d995efc2f0, 0x000001d995bb2d10, 0x000001d995bb40c0,
0x000001d995bb2680, 0x000001d995bb33a0, 0x000001d995bb3a30, 0x000001d995bb5470,
0x000001d995bb4750, 0x000001d995bb4de0, 0x000001d995bb5b00, 0x000001d997e24510,
0x000001d997e21720, 0x000001d997e25230, 0x000001d997e24ba0, 0x000001d997e21db0,
0x000001d997e22440, 0x000001d997e258c0, 0x000001d997e25f50, 0x000001d997e265e0,
0x000001d997e23160, 0x000001d997e26c70, 0x000001d997e23e80, 0x000001d997e237f0,
0x000001d997e28020, 0x000001d997e27990, 0x000001d997e286b0, 0x000001d997e28d40,
0x000001d9948145f0, 0x000001d9948159a0, 0x000001d994814c80, 0x000001d9948138d0,
0x000001d994812520, 0x000001d994813240, 0x000001d994813f60, 0x000001d994815310,
0x000001d994816030, 0x000001d994812bb0, 0x000001d9948173e0, 0x000001d994816d50,
0x000001d994818e20, 0x000001d9948166c0, 0x000001d9948194b0, 0x000001d994819b40,
0x000001d994817a70, 0x000001d994818100, 0x000001d994818790, 0x000001d9947b93d0,
0x000001d9947b9a60, 0x000001d9947b7300, 0x000001d9947b86b0, 0x000001d9947b7990,
0x000001d9947b65e0, 0x000001d9947b8d40, 0x000001d9947b6c70, 0x000001d9947bae10,
0x000001d9947bb4a0, 0x000001d9947b8020, 0x000001d9947bbb30, 0x000001d9947bc1c0,
0x000001d9947ba780, 0x000001d9947ba0f0, 0x000001d9947bd570, 0x000001d9947bc850,
0x000001d9947bcee0, 0x000001d9947bdc00, 0x000001d997c5a900, 0x000001d997c5af90,
0x000001d997c58830, 0x000001d997c58ec0, 0x000001d997c57b10, 0x000001d997c5b620,
0x000001d997c581a0, 0x000001d997c5bcb0, 0x000001d997c5a270, 0x000001d997c5c340,
0x000001d997c59550, 0x000001d997c5f130, 0x000001d997c5e410, 0x000001d997c5eaa0,
0x000001d997c5dd80, 0x000001d997c5d060, 0x000001d997c5d6f0, 0x000001d999c6c9f0,
0x000001d999c6fe70, 0x000001d999c6d710, 0x000001d999c6f150, 0x000001d999c6d080,
0x000001d999c6dda0, 0x000001d999c6e430, 0x000001d999c71220, 0x000001d999c718b0,
0x000001d999c6f7e0, 0x000001d999c70500, 0x000001d999c70b90, 0x000001d999c71f40,
0x000001d999c6eac0, 0x000001d999c725d0, 0x000001d999c72c60, 0x000001d999c74010,
0x000001d999c732f0, 0x000001d999c73980, 0x000001d998893e00, 0x000001d998894490,
0x000001d998894b20, 0x000001d998893770, 0x000001d9988951b0, 0x000001d9988930e0,
0x000001d998895840, 0x000001d9988923c0, 0x000001d998892a50, 0x000001d99a3b1e30,
0x000001d99a3afd60, 0x000001d99a3ae9b0, 0x000001d99a3b24c0, 0x000001d99a3b03f0,
0x000001d99a3b17a0, 0x000001d99a3af040, 0x000001d99a3b1110, 0x000001d99a3b0a80,
0x000001d99a3b3870, 0x000001d99a3b3f00, 0x000001d99a3b4590, 0x000001d99a3b4c20,
0x000001d99a3b52b0, 0x000001d99a3b5fd0, 0x000001d99a3b2b50, 0x000001d99a3b31e0,
0x000001d99a3b5940, 0x000001d99a079f50, 0x000001d99a079230, 0x000001d99a07b990,
0x000001d99a07b300, 0x000001d99a078510, 0x000001d99a07c020, 0x000001d99a0798c0,
0x000001d99a07a5e0, 0x000001d99a07c6b0, 0x000001d99a07cd40, 0x000001d99a07e0f0,
0x000001d99a07ac70, 0x000001d99a07d3d0, 0x000001d99a07f4a0, 0x000001d99a07da60,
0x000001d99a07e780, 0x000001d99a07ee10, 0x000001d99a07fb30, 0x000001d99a4ae8c0,
0x000001d99a4aef50, 0x000001d99a4ae230, 0x000001d99a4af5e0, 0x000001d99a4b0990,
0x000001d999af76b0, 0x000001d99a4b1020, 0x000001d99a4adba0, 0x000001d99a4afc70,
0x000001d99a4b2a60, 0x000001d99a4b16b0, 0x000001d99a4b0300, 0x000001d99a4b44a0,
0x000001d99a4b1d40, 0x000001d99a4b3e10, 0x000001d99a4b30f0, 0x000001d99a4b4b30,
0x000001d99a4b23d0, 0x000001d99a4b3780, 0x000001d99a4b51c0, 0x000001d99a319f30,
0x000001d99a3177d0, 0x000001d99a316ab0, 0x000001d99a317140, 0x000001d99a31a5c0,
0x000001d99a317e60, 0x000001d99a319210, 0x000001d99a31ac50, 0x000001d99a3198a0,
0x000001d99a31b2e0, 0x000001d99a31b970, 0x000001d99a318b80, 0x000001d99a3184f0,
0x000001d99a31e0d0, 0x000001d99a31edf0, 0x000001d99a31e760, 0x000001d99a3201a0
}

Java Threads: ( => current thread )
  0x000001d91e110d00 JavaThread "main"                              [_thread_blocked, id=87640, stack(0x000000c008f00000,0x000000c009000000) (1024K)]
  0x000001d94bf88e90 JavaThread "Reference Handler"          daemon [_thread_blocked, id=19440, stack(0x000000c009700000,0x000000c009800000) (1024K)]
  0x000001d94bf899e0 JavaThread "Finalizer"                  daemon [_thread_blocked, id=24976, stack(0x000000c009800000,0x000000c009900000) (1024K)]
  0x000001d94bf92040 JavaThread "Signal Dispatcher"          daemon [_thread_blocked, id=4988, stack(0x000000c009900000,0x000000c009a00000) (1024K)]
  0x000001d94bf92a90 JavaThread "Attach Listener"            daemon [_thread_blocked, id=17620, stack(0x000000c009a00000,0x000000c009b00000) (1024K)]
  0x000001d94bf94180 JavaThread "Service Thread"             daemon [_thread_blocked, id=3184, stack(0x000000c009b00000,0x000000c009c00000) (1024K)]
  0x000001d94bf99b90 JavaThread "Monitor Deflation Thread"   daemon [_thread_blocked, id=91480, stack(0x000000c009c00000,0x000000c009d00000) (1024K)]
  0x000001d94bf9c490 JavaThread "C2 CompilerThread0"         daemon [_thread_blocked, id=87388, stack(0x000000c009d00000,0x000000c009e00000) (1024K)]
  0x000001d94bfab790 JavaThread "C1 CompilerThread0"         daemon [_thread_blocked, id=18428, stack(0x000000c009e00000,0x000000c009f00000) (1024K)]
  0x000001d94bfbe560 JavaThread "C1 CompilerThread1"         daemon [_thread_blocked, id=27072, stack(0x000000c009f00000,0x000000c00a000000) (1024K)]
  0x000001d9943421c0 JavaThread "Common-Cleaner"             daemon [_thread_blocked, id=65696, stack(0x000000c00a000000,0x000000c00a100000) (1024K)]
  0x000001d994278b80 JavaThread "Notification Thread"        daemon [_thread_blocked, id=60228, stack(0x000000c00a100000,0x000000c00a200000) (1024K)]
  0x000001d9948b0c30 JavaThread "C1 CompilerThread2"         daemon [_thread_blocked, id=46128, stack(0x000000c00a500000,0x000000c00a600000) (1024K)]
  0x000001d994d5f6b0 JavaThread "C1 CompilerThread3"         daemon [_thread_blocked, id=43596, stack(0x000000c00a600000,0x000000c00a700000) (1024K)]
  0x000001d995bc6440 JavaThread "Daemon health stats"               [_thread_blocked, id=15824, stack(0x000000c00a900000,0x000000c00aa00000) (1024K)]
  0x000001d995a69f80 JavaThread "Incoming local TCP Connector on port 56279"        [_thread_in_native, id=23888, stack(0x000000c00aa00000,0x000000c00ab00000) (1024K)]
  0x000001d994a98dc0 JavaThread "Daemon periodic checks"            [_thread_blocked, id=100668, stack(0x000000c00b300000,0x000000c00b400000) (1024K)]
  0x000001d995e63d60 JavaThread "Daemon"                            [_thread_blocked, id=6876, stack(0x000000c00b400000,0x000000c00b500000) (1024K)]
  0x000001d995e2e6b0 JavaThread "Handler for socket connection from /127.0.0.1:56279 to /127.0.0.1:56281"        [_thread_in_native, id=45416, stack(0x000000c00b500000,0x000000c00b600000) (1024K)]
  0x000001d995b438b0 JavaThread "Cancel handler"                    [_thread_blocked, id=67900, stack(0x000000c00b600000,0x000000c00b700000) (1024K)]
  0x000001d995ee8190 JavaThread "Daemon worker"                     [_thread_blocked, id=72760, stack(0x000000c00b700000,0x000000c00b800000) (1024K)]
  0x000001d995efc2f0 JavaThread "Asynchronous log dispatcher for DefaultDaemonConnection: socket connection from /127.0.0.1:56279 to /127.0.0.1:56281"        [_thread_blocked, id=78852, stack(0x000000c00b800000,0x000000c00b900000) (1024K)]
  0x000001d995bb2d10 JavaThread "Stdin handler"                     [_thread_blocked, id=21184, stack(0x000000c00b900000,0x000000c00ba00000) (1024K)]
  0x000001d995bb40c0 JavaThread "Daemon client event forwarder"        [_thread_blocked, id=14368, stack(0x000000c00ba00000,0x000000c00bb00000) (1024K)]
  0x000001d995bb2680 JavaThread "Cache worker for journal cache (C:\Users\luana\.gradle\caches\journal-1)"        [_thread_blocked, id=65796, stack(0x000000c00bb00000,0x000000c00bc00000) (1024K)]
  0x000001d995bb33a0 JavaThread "File lock request listener"        [_thread_blocked, id=76056, stack(0x000000c00bc00000,0x000000c00bd00000) (1024K)]
  0x000001d995bb3a30 JavaThread "Cache worker for file hash cache (C:\Users\luana\.gradle\caches\8.14\fileHashes)"        [_thread_blocked, id=60716, stack(0x000000c00bd00000,0x000000c00be00000) (1024K)]
  0x000001d995bb5470 JavaThread "File lock release action executor"        [_thread_blocked, id=51296, stack(0x000000c00c000000,0x000000c00c100000) (1024K)]
  0x000001d995bb4750 JavaThread "Cache worker for file hash cache (C:\Users\luana\OneDrive\Documentos\UFRN\Semestre 2025.2\Mobile\Financeiro_unidade3\flutter_application_1\android\.gradle\8.14\fileHashes)"        [_thread_blocked, id=71044, stack(0x000000c00c100000,0x000000c00c200000) (1024K)]
  0x000001d995bb4de0 JavaThread "Cache worker for Build Output Cleanup Cache (C:\Users\luana\OneDrive\Documentos\UFRN\Semestre 2025.2\Mobile\Financeiro_unidade3\flutter_application_1\android\.gradle\buildOutputCleanup)"        [_thread_blocked, id=5772, stack(0x000000c00c200000,0x000000c00c300000) (1024K)]
  0x000001d995bb5b00 JavaThread "File watcher server"        daemon [_thread_in_native, id=38556, stack(0x000000c00c300000,0x000000c00c400000) (1024K)]
  0x000001d997e24510 JavaThread "File watcher consumer"      daemon [_thread_blocked, id=50996, stack(0x000000c00c400000,0x000000c00c500000) (1024K)]
  0x000001d997e21720 JavaThread "jar transforms"                    [_thread_blocked, id=54232, stack(0x000000c00c500000,0x000000c00c600000) (1024K)]
  0x000001d997e25230 JavaThread "jar transforms Thread 2"           [_thread_blocked, id=55184, stack(0x000000c00c600000,0x000000c00c700000) (1024K)]
  0x000001d997e24ba0 JavaThread "jar transforms Thread 3"           [_thread_blocked, id=7976, stack(0x000000c00c700000,0x000000c00c800000) (1024K)]
  0x000001d997e21db0 JavaThread "jar transforms Thread 4"           [_thread_blocked, id=87244, stack(0x000000c00c800000,0x000000c00c900000) (1024K)]
  0x000001d997e22440 JavaThread "jar transforms Thread 5"           [_thread_blocked, id=103412, stack(0x000000c00c900000,0x000000c00ca00000) (1024K)]
  0x000001d997e258c0 JavaThread "Cache worker for checksums cache (C:\Users\luana\OneDrive\Documentos\UFRN\Semestre 2025.2\Mobile\Financeiro_unidade3\flutter_application_1\android\.gradle\8.14\checksums)"        [_thread_blocked, id=46404, stack(0x000000c00ca00000,0x000000c00cb00000) (1024K)]
  0x000001d997e25f50 JavaThread "Cache worker for file content cache (C:\Users\luana\.gradle\caches\8.14\fileContent)"        [_thread_blocked, id=61680, stack(0x000000c00cb00000,0x000000c00cc00000) (1024K)]
  0x000001d997e265e0 JavaThread "jar transforms Thread 6"           [_thread_blocked, id=94568, stack(0x000000c00a400000,0x000000c00a500000) (1024K)]
  0x000001d997e23160 JavaThread "jar transforms Thread 7"           [_thread_blocked, id=73440, stack(0x000000c00cc00000,0x000000c00cd00000) (1024K)]
  0x000001d997e26c70 JavaThread "jar transforms Thread 8"           [_thread_blocked, id=95676, stack(0x000000c00cd00000,0x000000c00ce00000) (1024K)]
  0x000001d997e23e80 JavaThread "jar transforms Thread 9"           [_thread_blocked, id=39620, stack(0x000000c00ce00000,0x000000c00cf00000) (1024K)]
  0x000001d997e237f0 JavaThread "Cache worker for cache directory md-supplier (C:\Users\luana\.gradle\caches\8.14\md-supplier)"        [_thread_blocked, id=80280, stack(0x000000c00cf00000,0x000000c00d000000) (1024K)]
  0x000001d997e28020 JavaThread "Cache worker for cache directory md-rule (C:\Users\luana\.gradle\caches\8.14\md-rule)"        [_thread_blocked, id=84836, stack(0x000000c00d000000,0x000000c00d100000) (1024K)]
  0x000001d997e27990 JavaThread "Cache worker for Build Output Cleanup Cache (C:\Users\luana\flutter\packages\flutter_tools\gradle\.gradle\buildOutputCleanup)"        [_thread_blocked, id=100564, stack(0x000000c00d300000,0x000000c00d400000) (1024K)]
  0x000001d997e286b0 JavaThread "Unconstrained build operations"        [_thread_blocked, id=35632, stack(0x000000c00d200000,0x000000c00d300000) (1024K)]
  0x000001d997e28d40 JavaThread "Unconstrained build operations Thread 2"        [_thread_blocked, id=71436, stack(0x000000c00d400000,0x000000c00d500000) (1024K)]
  0x000001d9948145f0 JavaThread "Unconstrained build operations Thread 3"        [_thread_blocked, id=69308, stack(0x000000c00d500000,0x000000c00d600000) (1024K)]
  0x000001d9948159a0 JavaThread "Unconstrained build operations Thread 4"        [_thread_blocked, id=24132, stack(0x000000c00d600000,0x000000c00d700000) (1024K)]
  0x000001d994814c80 JavaThread "Unconstrained build operations Thread 5"        [_thread_blocked, id=83164, stack(0x000000c00d700000,0x000000c00d800000) (1024K)]
  0x000001d9948138d0 JavaThread "Unconstrained build operations Thread 6"        [_thread_blocked, id=10016, stack(0x000000c00d800000,0x000000c00d900000) (1024K)]
  0x000001d994812520 JavaThread "Unconstrained build operations Thread 7"        [_thread_blocked, id=91132, stack(0x000000c00d900000,0x000000c00da00000) (1024K)]
  0x000001d994813240 JavaThread "Unconstrained build operations Thread 8"        [_thread_blocked, id=89400, stack(0x000000c00da00000,0x000000c00db00000) (1024K)]
  0x000001d994813f60 JavaThread "Unconstrained build operations Thread 9"        [_thread_blocked, id=84852, stack(0x000000c00db00000,0x000000c00dc00000) (1024K)]
  0x000001d994815310 JavaThread "Unconstrained build operations Thread 10"        [_thread_blocked, id=98104, stack(0x000000c00dc00000,0x000000c00dd00000) (1024K)]
  0x000001d994816030 JavaThread "Unconstrained build operations Thread 11"        [_thread_blocked, id=6204, stack(0x000000c00dd00000,0x000000c00de00000) (1024K)]
  0x000001d994812bb0 JavaThread "Unconstrained build operations Thread 12"        [_thread_blocked, id=67004, stack(0x000000c00de00000,0x000000c00df00000) (1024K)]
  0x000001d9948173e0 JavaThread "Unconstrained build operations Thread 13"        [_thread_blocked, id=61008, stack(0x000000c00df00000,0x000000c00e000000) (1024K)]
  0x000001d994816d50 JavaThread "Unconstrained build operations Thread 14"        [_thread_blocked, id=428, stack(0x000000c00e000000,0x000000c00e100000) (1024K)]
  0x000001d994818e20 JavaThread "Unconstrained build operations Thread 15"        [_thread_blocked, id=88324, stack(0x000000c00e100000,0x000000c00e200000) (1024K)]
  0x000001d9948166c0 JavaThread "Unconstrained build operations Thread 16"        [_thread_blocked, id=91956, stack(0x000000c00e200000,0x000000c00e300000) (1024K)]
  0x000001d9948194b0 JavaThread "Unconstrained build operations Thread 17"        [_thread_blocked, id=49960, stack(0x000000c00e300000,0x000000c00e400000) (1024K)]
  0x000001d994819b40 JavaThread "Unconstrained build operations Thread 18"        [_thread_blocked, id=65872, stack(0x000000c00e400000,0x000000c00e500000) (1024K)]
  0x000001d994817a70 JavaThread "Unconstrained build operations Thread 19"        [_thread_blocked, id=83720, stack(0x000000c00e500000,0x000000c00e600000) (1024K)]
  0x000001d994818100 JavaThread "Unconstrained build operations Thread 20"        [_thread_blocked, id=31696, stack(0x000000c00e600000,0x000000c00e700000) (1024K)]
  0x000001d994818790 JavaThread "Unconstrained build operations Thread 21"        [_thread_blocked, id=28608, stack(0x000000c00e700000,0x000000c00e800000) (1024K)]
  0x000001d9947b93d0 JavaThread "Unconstrained build operations Thread 22"        [_thread_blocked, id=66656, stack(0x000000c00e800000,0x000000c00e900000) (1024K)]
  0x000001d9947b9a60 JavaThread "Unconstrained build operations Thread 23"        [_thread_blocked, id=55452, stack(0x000000c00e900000,0x000000c00ea00000) (1024K)]
  0x000001d9947b7300 JavaThread "Unconstrained build operations Thread 24"        [_thread_blocked, id=67008, stack(0x000000c00ea00000,0x000000c00eb00000) (1024K)]
  0x000001d9947b86b0 JavaThread "Unconstrained build operations Thread 25"        [_thread_blocked, id=7192, stack(0x000000c00eb00000,0x000000c00ec00000) (1024K)]
  0x000001d9947b7990 JavaThread "Unconstrained build operations Thread 26"        [_thread_blocked, id=25520, stack(0x000000c00ec00000,0x000000c00ed00000) (1024K)]
  0x000001d9947b65e0 JavaThread "Unconstrained build operations Thread 27"        [_thread_blocked, id=83424, stack(0x000000c00ed00000,0x000000c00ee00000) (1024K)]
  0x000001d9947b8d40 JavaThread "Unconstrained build operations Thread 28"        [_thread_blocked, id=49428, stack(0x000000c00ee00000,0x000000c00ef00000) (1024K)]
  0x000001d9947b6c70 JavaThread "Unconstrained build operations Thread 29"        [_thread_blocked, id=55896, stack(0x000000c00ef00000,0x000000c00f000000) (1024K)]
  0x000001d9947bae10 JavaThread "Unconstrained build operations Thread 30"        [_thread_blocked, id=65200, stack(0x000000c00f000000,0x000000c00f100000) (1024K)]
  0x000001d9947bb4a0 JavaThread "Unconstrained build operations Thread 31"        [_thread_blocked, id=13384, stack(0x000000c00f100000,0x000000c00f200000) (1024K)]
  0x000001d9947b8020 JavaThread "Unconstrained build operations Thread 32"        [_thread_blocked, id=48828, stack(0x000000c00f200000,0x000000c00f300000) (1024K)]
  0x000001d9947bbb30 JavaThread "Unconstrained build operations Thread 33"        [_thread_blocked, id=55472, stack(0x000000c00f300000,0x000000c00f400000) (1024K)]
  0x000001d9947bc1c0 JavaThread "Unconstrained build operations Thread 34"        [_thread_blocked, id=84764, stack(0x000000c00f400000,0x000000c00f500000) (1024K)]
  0x000001d9947ba780 JavaThread "Unconstrained build operations Thread 35"        [_thread_blocked, id=44496, stack(0x000000c00f500000,0x000000c00f600000) (1024K)]
  0x000001d9947ba0f0 JavaThread "Unconstrained build operations Thread 36"        [_thread_blocked, id=76696, stack(0x000000c00f600000,0x000000c00f700000) (1024K)]
  0x000001d9947bd570 JavaThread "Unconstrained build operations Thread 37"        [_thread_blocked, id=73704, stack(0x000000c00f700000,0x000000c00f800000) (1024K)]
  0x000001d9947bc850 JavaThread "Unconstrained build operations Thread 38"        [_thread_blocked, id=10136, stack(0x000000c00f800000,0x000000c00f900000) (1024K)]
  0x000001d9947bcee0 JavaThread "Unconstrained build operations Thread 39"        [_thread_blocked, id=95064, stack(0x000000c00f900000,0x000000c00fa00000) (1024K)]
  0x000001d9947bdc00 JavaThread "Unconstrained build operations Thread 40"        [_thread_blocked, id=84464, stack(0x000000c00fa00000,0x000000c00fb00000) (1024K)]
  0x000001d997c5a900 JavaThread "Unconstrained build operations Thread 41"        [_thread_blocked, id=18768, stack(0x000000c00fb00000,0x000000c00fc00000) (1024K)]
  0x000001d997c5af90 JavaThread "Unconstrained build operations Thread 42"        [_thread_blocked, id=41372, stack(0x000000c00fc00000,0x000000c00fd00000) (1024K)]
  0x000001d997c58830 JavaThread "Unconstrained build operations Thread 43"        [_thread_blocked, id=81648, stack(0x000000c00fd00000,0x000000c00fe00000) (1024K)]
  0x000001d997c58ec0 JavaThread "Unconstrained build operations Thread 44"        [_thread_blocked, id=102708, stack(0x000000c00fe00000,0x000000c00ff00000) (1024K)]
  0x000001d997c57b10 JavaThread "Unconstrained build operations Thread 45"        [_thread_blocked, id=33548, stack(0x000000c00ff00000,0x000000c010000000) (1024K)]
  0x000001d997c5b620 JavaThread "Memory manager"                    [_thread_blocked, id=59764, stack(0x000000c010000000,0x000000c010100000) (1024K)]
  0x000001d997c581a0 JavaThread "build event listener"              [_thread_blocked, id=35712, stack(0x000000c010100000,0x000000c010200000) (1024K)]
  0x000001d997c5bcb0 JavaThread "included builds"                   [_thread_blocked, id=26252, stack(0x000000c010200000,0x000000c010300000) (1024K)]
  0x000001d997c5a270 JavaThread "Execution worker"                  [_thread_blocked, id=45904, stack(0x000000c010300000,0x000000c010400000) (1024K)]
  0x000001d997c5c340 JavaThread "Execution worker Thread 2"         [_thread_blocked, id=50488, stack(0x000000c010400000,0x000000c010500000) (1024K)]
  0x000001d997c59550 JavaThread "Execution worker Thread 3"         [_thread_blocked, id=95156, stack(0x000000c010500000,0x000000c010600000) (1024K)]
  0x000001d997c5f130 JavaThread "Execution worker Thread 4"         [_thread_blocked, id=14972, stack(0x000000c010600000,0x000000c010700000) (1024K)]
  0x000001d997c5e410 JavaThread "Execution worker Thread 5"         [_thread_blocked, id=45296, stack(0x000000c010700000,0x000000c010800000) (1024K)]
  0x000001d997c5eaa0 JavaThread "Execution worker Thread 6"         [_thread_blocked, id=68044, stack(0x000000c010800000,0x000000c010900000) (1024K)]
  0x000001d997c5dd80 JavaThread "Execution worker Thread 7"         [_thread_blocked, id=26000, stack(0x000000c010900000,0x000000c010a00000) (1024K)]
  0x000001d997c5d060 JavaThread "Execution worker Thread 8"         [_thread_blocked, id=95440, stack(0x000000c010a00000,0x000000c010b00000) (1024K)]
  0x000001d997c5d6f0 JavaThread "Execution worker Thread 9"         [_thread_blocked, id=57484, stack(0x000000c010b00000,0x000000c010c00000) (1024K)]
  0x000001d999c6c9f0 JavaThread "Execution worker Thread 10"        [_thread_blocked, id=58504, stack(0x000000c010c00000,0x000000c010d00000) (1024K)]
  0x000001d999c6fe70 JavaThread "Execution worker Thread 11"        [_thread_blocked, id=16896, stack(0x000000c010d00000,0x000000c010e00000) (1024K)]
  0x000001d999c6d710 JavaThread "Execution worker Thread 12"        [_thread_blocked, id=53764, stack(0x000000c010e00000,0x000000c010f00000) (1024K)]
  0x000001d999c6f150 JavaThread "Execution worker Thread 13"        [_thread_blocked, id=18436, stack(0x000000c010f00000,0x000000c011000000) (1024K)]
  0x000001d999c6d080 JavaThread "Execution worker Thread 14"        [_thread_blocked, id=38612, stack(0x000000c011000000,0x000000c011100000) (1024K)]
  0x000001d999c6dda0 JavaThread "Execution worker Thread 15"        [_thread_blocked, id=97852, stack(0x000000c011100000,0x000000c011200000) (1024K)]
  0x000001d999c6e430 JavaThread "Cache worker for execution history cache (C:\Users\luana\flutter\packages\flutter_tools\gradle\.gradle\8.14\executionHistory)"        [_thread_blocked, id=89564, stack(0x000000c011200000,0x000000c011300000) (1024K)]
  0x000001d999c71220 JavaThread "Unconstrained build operations Thread 46"        [_thread_blocked, id=90784, stack(0x000000c011300000,0x000000c011400000) (1024K)]
  0x000001d999c718b0 JavaThread "Unconstrained build operations Thread 47"        [_thread_blocked, id=14648, stack(0x000000c011400000,0x000000c011500000) (1024K)]
  0x000001d999c6f7e0 JavaThread "Unconstrained build operations Thread 48"        [_thread_blocked, id=28596, stack(0x000000c011500000,0x000000c011600000) (1024K)]
  0x000001d999c70500 JavaThread "Unconstrained build operations Thread 49"        [_thread_blocked, id=81176, stack(0x000000c011600000,0x000000c011700000) (1024K)]
  0x000001d999c70b90 JavaThread "Unconstrained build operations Thread 50"        [_thread_blocked, id=103420, stack(0x000000c011700000,0x000000c011800000) (1024K)]
  0x000001d999c71f40 JavaThread "Unconstrained build operations Thread 51"        [_thread_blocked, id=52972, stack(0x000000c011800000,0x000000c011900000) (1024K)]
  0x000001d999c6eac0 JavaThread "Unconstrained build operations Thread 52"        [_thread_blocked, id=28624, stack(0x000000c011900000,0x000000c011a00000) (1024K)]
  0x000001d999c725d0 JavaThread "Unconstrained build operations Thread 53"        [_thread_blocked, id=59012, stack(0x000000c011a00000,0x000000c011b00000) (1024K)]
  0x000001d999c72c60 JavaThread "Unconstrained build operations Thread 54"        [_thread_blocked, id=53800, stack(0x000000c011b00000,0x000000c011c00000) (1024K)]
  0x000001d999c74010 JavaThread "Unconstrained build operations Thread 55"        [_thread_blocked, id=67140, stack(0x000000c011c00000,0x000000c011d00000) (1024K)]
  0x000001d999c732f0 JavaThread "Unconstrained build operations Thread 56"        [_thread_blocked, id=39272, stack(0x000000c011d00000,0x000000c011e00000) (1024K)]
  0x000001d999c73980 JavaThread "Unconstrained build operations Thread 57"        [_thread_blocked, id=38456, stack(0x000000c011e00000,0x000000c011f00000) (1024K)]
  0x000001d998893e00 JavaThread "Unconstrained build operations Thread 58"        [_thread_blocked, id=31544, stack(0x000000c011f00000,0x000000c012000000) (1024K)]
  0x000001d998894490 JavaThread "Unconstrained build operations Thread 59"        [_thread_blocked, id=35700, stack(0x000000c012000000,0x000000c012100000) (1024K)]
  0x000001d998894b20 JavaThread "Unconstrained build operations Thread 60"        [_thread_blocked, id=79468, stack(0x000000c012100000,0x000000c012200000) (1024K)]
  0x000001d998893770 JavaThread "Unconstrained build operations Thread 61"        [_thread_blocked, id=22860, stack(0x000000c012200000,0x000000c012300000) (1024K)]
  0x000001d9988951b0 JavaThread "Unconstrained build operations Thread 62"        [_thread_blocked, id=89060, stack(0x000000c012300000,0x000000c012400000) (1024K)]
  0x000001d9988930e0 JavaThread "Unconstrained build operations Thread 63"        [_thread_blocked, id=60276, stack(0x000000c012400000,0x000000c012500000) (1024K)]
  0x000001d998895840 JavaThread "Unconstrained build operations Thread 64"        [_thread_blocked, id=1204, stack(0x000000c012500000,0x000000c012600000) (1024K)]
  0x000001d9988923c0 JavaThread "Unconstrained build operations Thread 65"        [_thread_blocked, id=54808, stack(0x000000c012600000,0x000000c012700000) (1024K)]
  0x000001d998892a50 JavaThread "Unconstrained build operations Thread 66"        [_thread_blocked, id=67396, stack(0x000000c012700000,0x000000c012800000) (1024K)]
  0x000001d99a3b1e30 JavaThread "Unconstrained build operations Thread 67"        [_thread_blocked, id=101660, stack(0x000000c012800000,0x000000c012900000) (1024K)]
  0x000001d99a3afd60 JavaThread "Unconstrained build operations Thread 68"        [_thread_blocked, id=81536, stack(0x000000c012900000,0x000000c012a00000) (1024K)]
  0x000001d99a3ae9b0 JavaThread "Unconstrained build operations Thread 69"        [_thread_blocked, id=59824, stack(0x000000c012a00000,0x000000c012b00000) (1024K)]
  0x000001d99a3b24c0 JavaThread "Unconstrained build operations Thread 70"        [_thread_blocked, id=41672, stack(0x000000c012b00000,0x000000c012c00000) (1024K)]
  0x000001d99a3b03f0 JavaThread "Unconstrained build operations Thread 71"        [_thread_blocked, id=55204, stack(0x000000c012c00000,0x000000c012d00000) (1024K)]
  0x000001d99a3b17a0 JavaThread "Unconstrained build operations Thread 72"        [_thread_blocked, id=92996, stack(0x000000c012d00000,0x000000c012e00000) (1024K)]
  0x000001d99a3af040 JavaThread "Unconstrained build operations Thread 73"        [_thread_blocked, id=91432, stack(0x000000c012e00000,0x000000c012f00000) (1024K)]
  0x000001d99a3b1110 JavaThread "Unconstrained build operations Thread 74"        [_thread_blocked, id=91204, stack(0x000000c012f00000,0x000000c013000000) (1024K)]
  0x000001d99a3b0a80 JavaThread "Unconstrained build operations Thread 75"        [_thread_blocked, id=76856, stack(0x000000c013000000,0x000000c013100000) (1024K)]
  0x000001d99a3b3870 JavaThread "Unconstrained build operations Thread 76"        [_thread_blocked, id=89096, stack(0x000000c013100000,0x000000c013200000) (1024K)]
  0x000001d99a3b3f00 JavaThread "Unconstrained build operations Thread 77"        [_thread_blocked, id=69576, stack(0x000000c013200000,0x000000c013300000) (1024K)]
  0x000001d99a3b4590 JavaThread "Unconstrained build operations Thread 78"        [_thread_blocked, id=63452, stack(0x000000c013300000,0x000000c013400000) (1024K)]
  0x000001d99a3b4c20 JavaThread "Unconstrained build operations Thread 79"        [_thread_blocked, id=35436, stack(0x000000c013400000,0x000000c013500000) (1024K)]
  0x000001d99a3b52b0 JavaThread "Unconstrained build operations Thread 80"        [_thread_blocked, id=60008, stack(0x000000c013500000,0x000000c013600000) (1024K)]
  0x000001d99a3b5fd0 JavaThread "Unconstrained build operations Thread 81"        [_thread_blocked, id=36100, stack(0x000000c013600000,0x000000c013700000) (1024K)]
  0x000001d99a3b2b50 JavaThread "Unconstrained build operations Thread 82"        [_thread_blocked, id=28076, stack(0x000000c013700000,0x000000c013800000) (1024K)]
  0x000001d99a3b31e0 JavaThread "Unconstrained build operations Thread 83"        [_thread_blocked, id=68884, stack(0x000000c013800000,0x000000c013900000) (1024K)]
  0x000001d99a3b5940 JavaThread "Unconstrained build operations Thread 84"        [_thread_blocked, id=87172, stack(0x000000c013900000,0x000000c013a00000) (1024K)]
  0x000001d99a079f50 JavaThread "Unconstrained build operations Thread 85"        [_thread_blocked, id=62944, stack(0x000000c013a00000,0x000000c013b00000) (1024K)]
  0x000001d99a079230 JavaThread "Unconstrained build operations Thread 86"        [_thread_blocked, id=27248, stack(0x000000c013b00000,0x000000c013c00000) (1024K)]
  0x000001d99a07b990 JavaThread "Unconstrained build operations Thread 87"        [_thread_blocked, id=60868, stack(0x000000c013c00000,0x000000c013d00000) (1024K)]
  0x000001d99a07b300 JavaThread "Unconstrained build operations Thread 88"        [_thread_blocked, id=92104, stack(0x000000c013d00000,0x000000c013e00000) (1024K)]
  0x000001d99a078510 JavaThread "Unconstrained build operations Thread 89"        [_thread_blocked, id=16232, stack(0x000000c013e00000,0x000000c013f00000) (1024K)]
  0x000001d99a07c020 JavaThread "Unconstrained build operations Thread 90"        [_thread_blocked, id=61424, stack(0x000000c013f00000,0x000000c014000000) (1024K)]
  0x000001d99a0798c0 JavaThread "Unconstrained build operations Thread 91"        [_thread_blocked, id=71104, stack(0x000000c014000000,0x000000c014100000) (1024K)]
  0x000001d99a07a5e0 JavaThread "Unconstrained build operations Thread 92"        [_thread_blocked, id=86396, stack(0x000000c014100000,0x000000c014200000) (1024K)]
  0x000001d99a07c6b0 JavaThread "Unconstrained build operations Thread 93"        [_thread_blocked, id=39240, stack(0x000000c00d100000,0x000000c00d200000) (1024K)]
  0x000001d99a07cd40 JavaThread "Unconstrained build operations Thread 94"        [_thread_blocked, id=83388, stack(0x000000c014200000,0x000000c014300000) (1024K)]
  0x000001d99a07e0f0 JavaThread "Unconstrained build operations Thread 95"        [_thread_blocked, id=102496, stack(0x000000c014300000,0x000000c014400000) (1024K)]
  0x000001d99a07ac70 JavaThread "Unconstrained build operations Thread 96"        [_thread_blocked, id=13140, stack(0x000000c014400000,0x000000c014500000) (1024K)]
  0x000001d99a07d3d0 JavaThread "Unconstrained build operations Thread 97"        [_thread_blocked, id=79620, stack(0x000000c014500000,0x000000c014600000) (1024K)]
  0x000001d99a07f4a0 JavaThread "Unconstrained build operations Thread 98"        [_thread_blocked, id=67820, stack(0x000000c014600000,0x000000c014700000) (1024K)]
  0x000001d99a07da60 JavaThread "Unconstrained build operations Thread 99"        [_thread_blocked, id=94736, stack(0x000000c014700000,0x000000c014800000) (1024K)]
  0x000001d99a07e780 JavaThread "Unconstrained build operations Thread 100"        [_thread_blocked, id=97312, stack(0x000000c014800000,0x000000c014900000) (1024K)]
  0x000001d99a07ee10 JavaThread "Unconstrained build operations Thread 101"        [_thread_blocked, id=90708, stack(0x000000c014900000,0x000000c014a00000) (1024K)]
  0x000001d99a07fb30 JavaThread "Unconstrained build operations Thread 102"        [_thread_blocked, id=5512, stack(0x000000c014a00000,0x000000c014b00000) (1024K)]
  0x000001d99a4ae8c0 JavaThread "Unconstrained build operations Thread 103"        [_thread_blocked, id=57388, stack(0x000000c014b00000,0x000000c014c00000) (1024K)]
  0x000001d99a4aef50 JavaThread "Unconstrained build operations Thread 104"        [_thread_blocked, id=104504, stack(0x000000c014c00000,0x000000c014d00000) (1024K)]
  0x000001d99a4ae230 JavaThread "Unconstrained build operations Thread 105"        [_thread_blocked, id=92372, stack(0x000000c014d00000,0x000000c014e00000) (1024K)]
  0x000001d99a4af5e0 JavaThread "Unconstrained build operations Thread 106"        [_thread_blocked, id=42220, stack(0x000000c014e00000,0x000000c014f00000) (1024K)]
  0x000001d99a4b0990 JavaThread "Unconstrained build operations Thread 107"        [_thread_blocked, id=87516, stack(0x000000c014f00000,0x000000c015000000) (1024K)]
  0x000001d999af76b0 JavaThread "C2 CompilerThread1"         daemon [_thread_blocked, id=59680, stack(0x000000c015000000,0x000000c015100000) (1024K)]
  0x000001d99a4b1020 JavaThread "Unconstrained build operations Thread 108"        [_thread_blocked, id=67148, stack(0x000000c015100000,0x000000c015200000) (1024K)]
  0x000001d99a4adba0 JavaThread "Unconstrained build operations Thread 109"        [_thread_blocked, id=3044, stack(0x000000c015200000,0x000000c015300000) (1024K)]
  0x000001d99a4afc70 JavaThread "Unconstrained build operations Thread 110"        [_thread_blocked, id=50264, stack(0x000000c015300000,0x000000c015400000) (1024K)]
  0x000001d99a4b2a60 JavaThread "Unconstrained build operations Thread 111"        [_thread_blocked, id=105416, stack(0x000000c015400000,0x000000c015500000) (1024K)]
  0x000001d99a4b16b0 JavaThread "Unconstrained build operations Thread 112"        [_thread_blocked, id=44324, stack(0x000000c015500000,0x000000c015600000) (1024K)]
  0x000001d99a4b0300 JavaThread "Unconstrained build operations Thread 113"        [_thread_blocked, id=83516, stack(0x000000c015600000,0x000000c015700000) (1024K)]
  0x000001d99a4b44a0 JavaThread "Unconstrained build operations Thread 114"        [_thread_blocked, id=2364, stack(0x000000c015700000,0x000000c015800000) (1024K)]
  0x000001d99a4b1d40 JavaThread "Unconstrained build operations Thread 115"        [_thread_blocked, id=32164, stack(0x000000c015800000,0x000000c015900000) (1024K)]
  0x000001d99a4b3e10 JavaThread "Unconstrained build operations Thread 116"        [_thread_blocked, id=102428, stack(0x000000c015900000,0x000000c015a00000) (1024K)]
  0x000001d99a4b30f0 JavaThread "Unconstrained build operations Thread 117"        [_thread_blocked, id=90380, stack(0x000000c015a00000,0x000000c015b00000) (1024K)]
  0x000001d99a4b4b30 JavaThread "Unconstrained build operations Thread 118"        [_thread_blocked, id=73964, stack(0x000000c015b00000,0x000000c015c00000) (1024K)]
  0x000001d99a4b23d0 JavaThread "Unconstrained build operations Thread 119"        [_thread_blocked, id=51888, stack(0x000000c015c00000,0x000000c015d00000) (1024K)]
  0x000001d99a4b3780 JavaThread "Unconstrained build operations Thread 120"        [_thread_blocked, id=23072, stack(0x000000c015d00000,0x000000c015e00000) (1024K)]
  0x000001d99a4b51c0 JavaThread "Unconstrained build operations Thread 121"        [_thread_blocked, id=48820, stack(0x000000c015e00000,0x000000c015f00000) (1024K)]
  0x000001d99a319f30 JavaThread "Unconstrained build operations Thread 122"        [_thread_blocked, id=91264, stack(0x000000c015f00000,0x000000c016000000) (1024K)]
  0x000001d99a3177d0 JavaThread "Unconstrained build operations Thread 123"        [_thread_blocked, id=35796, stack(0x000000c016000000,0x000000c016100000) (1024K)]
  0x000001d99a316ab0 JavaThread "Unconstrained build operations Thread 124"        [_thread_blocked, id=14236, stack(0x000000c016100000,0x000000c016200000) (1024K)]
  0x000001d99a317140 JavaThread "Unconstrained build operations Thread 125"        [_thread_blocked, id=98192, stack(0x000000c016200000,0x000000c016300000) (1024K)]
  0x000001d99a31a5c0 JavaThread "Unconstrained build operations Thread 126"        [_thread_blocked, id=47876, stack(0x000000c016300000,0x000000c016400000) (1024K)]
  0x000001d99a317e60 JavaThread "Unconstrained build operations Thread 127"        [_thread_blocked, id=54832, stack(0x000000c016400000,0x000000c016500000) (1024K)]
  0x000001d99a319210 JavaThread "Unconstrained build operations Thread 128"        [_thread_blocked, id=54088, stack(0x000000c016500000,0x000000c016600000) (1024K)]
  0x000001d99a31ac50 JavaThread "Unconstrained build operations Thread 129"        [_thread_blocked, id=84128, stack(0x000000c016600000,0x000000c016700000) (1024K)]
  0x000001d99a3198a0 JavaThread "Unconstrained build operations Thread 130"        [_thread_blocked, id=99068, stack(0x000000c016700000,0x000000c016800000) (1024K)]
  0x000001d99a31b2e0 JavaThread "Unconstrained build operations Thread 131"        [_thread_blocked, id=40508, stack(0x000000c016800000,0x000000c016900000) (1024K)]
  0x000001d99a31b970 JavaThread "Unconstrained build operations Thread 132"        [_thread_blocked, id=94788, stack(0x000000c016900000,0x000000c016a00000) (1024K)]
  0x000001d99a318b80 JavaThread "Unconstrained build operations Thread 133"        [_thread_blocked, id=91304, stack(0x000000c016a00000,0x000000c016b00000) (1024K)]
  0x000001d99a3184f0 JavaThread "Unconstrained build operations Thread 134"        [_thread_blocked, id=46520, stack(0x000000c016b00000,0x000000c016c00000) (1024K)]
  0x000001d99a31e0d0 JavaThread "Unconstrained build operations Thread 135"        [_thread_blocked, id=19192, stack(0x000000c016c00000,0x000000c016d00000) (1024K)]
  0x000001d99a31edf0 JavaThread "Unconstrained build operations Thread 136"        [_thread_blocked, id=75912, stack(0x000000c016d00000,0x000000c016e00000) (1024K)]
  0x000001d99a31e760 JavaThread "Unconstrained build operations Thread 137"        [_thread_blocked, id=52244, stack(0x000000c016e00000,0x000000c016f00000) (1024K)]
  0x000001d99a3201a0 JavaThread "Kotlin DSL Writer"                 [_thread_blocked, id=64424, stack(0x000000c016f00000,0x000000c017000000) (1024K)]
Total: 204

Other Threads:
=>0x000001d94bf72000 VMThread "VM Thread"                           [id=80760, stack(0x000000c009600000,0x000000c009700000) (1024K)]
  0x000001d94bf5e650 WatcherThread "VM Periodic Task Thread"        [id=69344, stack(0x000000c009500000,0x000000c009600000) (1024K)]
  0x000001d91e1bba90 WorkerThread "GC Thread#0"                     [id=81352, stack(0x000000c009000000,0x000000c009100000) (1024K)]
  0x000001d94bf71c60 WorkerThread "GC Thread#1"                     [id=81840, stack(0x000000c00a200000,0x000000c00a300000) (1024K)]
  0x000001d94bf71180 WorkerThread "GC Thread#2"                     [id=33524, stack(0x000000c00a300000,0x000000c00a400000) (1024K)]
  0x000001d94bf718c0 WorkerThread "GC Thread#3"                     [id=57732, stack(0x000000c00a700000,0x000000c00a800000) (1024K)]
  0x000001d94bf723a0 WorkerThread "GC Thread#4"                     [id=90284, stack(0x000000c00a800000,0x000000c00a900000) (1024K)]
  0x000001d94bf72ae0 WorkerThread "GC Thread#5"                     [id=35072, stack(0x000000c00ab00000,0x000000c00ac00000) (1024K)]
  0x000001d995beb640 WorkerThread "GC Thread#6"                     [id=2232, stack(0x000000c00ac00000,0x000000c00ad00000) (1024K)]
  0x000001d995bea420 WorkerThread "GC Thread#7"                     [id=87068, stack(0x000000c00ad00000,0x000000c00ae00000) (1024K)]
  0x000001d995bed340 WorkerThread "GC Thread#8"                     [id=92600, stack(0x000000c00ae00000,0x000000c00af00000) (1024K)]
  0x000001d995beb9e0 WorkerThread "GC Thread#9"                     [id=2396, stack(0x000000c00af00000,0x000000c00b000000) (1024K)]
  0x000001d995bebd80 WorkerThread "GC Thread#10"                    [id=50700, stack(0x000000c00b000000,0x000000c00b100000) (1024K)]
  0x000001d995bea7c0 WorkerThread "GC Thread#11"                    [id=96236, stack(0x000000c00b100000,0x000000c00b200000) (1024K)]
  0x000001d995bea080 WorkerThread "GC Thread#12"                    [id=70660, stack(0x000000c00b200000,0x000000c00b300000) (1024K)]
  0x000001d91e1cd990 ConcurrentGCThread "G1 Main Marker"            [id=93372, stack(0x000000c009100000,0x000000c009200000) (1024K)]
  0x000001d91e1ce6b0 WorkerThread "G1 Conc#0"                       [id=33160, stack(0x000000c009200000,0x000000c009300000) (1024K)]
  0x000001d995beb2a0 WorkerThread "G1 Conc#1"                       [id=89040, stack(0x000000c00be00000,0x000000c00bf00000) (1024K)]
  0x000001d995bec4c0 WorkerThread "G1 Conc#2"                       [id=40856, stack(0x000000c00bf00000,0x000000c00c000000) (1024K)]
  0x000001d94be2e900 ConcurrentGCThread "G1 Refine#0"               [id=19764, stack(0x000000c009300000,0x000000c009400000) (1024K)]
  0x000001d94be2f380 ConcurrentGCThread "G1 Service"                [id=88052, stack(0x000000c009400000,0x000000c009500000) (1024K)]
Total: 21

Threads with active compile tasks:
Total: 0

VM state: at safepoint (normal execution)

VM Mutex/Monitor currently owned by a thread:  ([mutex/lock_event])
[0x00007ff901afd570] Threads_lock - owner thread: 0x000001d94bf72000
[0x00007ff901afd670] Heap_lock - owner thread: 0x000001d995ee8190

Heap address: 0x0000000600000000, size: 8192 MB, Compressed Oops mode: Zero based, Oop shift amount: 3

CDS archive(s) mapped at: [0x000001d94f000000-0x000001d94fba0000-0x000001d94fba0000), size 12189696, SharedBaseAddress: 0x000001d94f000000, ArchiveRelocationMode: 1.
Compressed class space mapped at: 0x000001d950000000-0x000001d990000000, reserved size: 1073741824
Narrow klass base: 0x000001d94f000000, Narrow klass shift: 0, Narrow klass range: 0x100000000

GC Precious Log:
 CardTable entry size: 512
 Card Set container configuration: InlinePtr #cards 4 size 8 Array Of Cards #cards 32 size 80 Howl #buckets 8 coarsen threshold 7372 Howl Bitmap #cards 1024 size 144 coarsen threshold 921 Card regions per heap region 1 cards per card region 8192
 CPUs: 16 total, 16 available
 Memory: 7876M
 Large Page Support: Disabled
 NUMA Support: Disabled
 Compressed Oops: Enabled (Zero based)
 Heap Region Size: 4M
 Heap Min Capacity: 8M
 Heap Initial Capacity: 124M
 Heap Max Capacity: 8G
 Pre-touch: Disabled
 Parallel Workers: 13
 Concurrent Workers: 3
 Concurrent Refinement Workers: 13
 Periodic GC: Disabled

Heap:
 garbage-first heap   total 159744K, used 96024K [0x0000000600000000, 0x0000000800000000)
  region size 4096K, 1 young (4096K), 1 survivors (4096K)
 Metaspace       used 82600K, committed 84736K, reserved 1179648K
  class space    used 12085K, committed 13120K, reserved 1048576K

Heap Regions: E=young(eden), S=young(survivor), O=old, HS=humongous(starts), HC=humongous(continues), CS=collection set, F=free, TAMS=top-at-mark-start, PB=parsable bottom
|   0|0x0000000600000000, 0x0000000600400000, 0x0000000600400000|100%|HS|  |TAMS 0x0000000600000000| PB 0x0000000600000000| Complete 
|   1|0x0000000600400000, 0x0000000600800000, 0x0000000600800000|100%| O|  |TAMS 0x0000000600400000| PB 0x0000000600400000| Untracked 
|   2|0x0000000600800000, 0x0000000600c00000, 0x0000000600c00000|100%| O|  |TAMS 0x0000000600800000| PB 0x0000000600800000| Untracked 
|   3|0x0000000600c00000, 0x0000000601000000, 0x0000000601000000|100%| O|  |TAMS 0x0000000600c00000| PB 0x0000000600c00000| Untracked 
|   4|0x0000000601000000, 0x0000000601400000, 0x0000000601400000|100%| O|  |TAMS 0x0000000601000000| PB 0x0000000601000000| Untracked 
|   5|0x0000000601400000, 0x0000000601800000, 0x0000000601800000|100%| O|  |TAMS 0x0000000601400000| PB 0x0000000601400000| Untracked 
|   6|0x0000000601800000, 0x0000000601c00000, 0x0000000601c00000|100%| O|  |TAMS 0x0000000601800000| PB 0x0000000601800000| Untracked 
|   7|0x0000000601c00000, 0x0000000602000000, 0x0000000602000000|100%| O|  |TAMS 0x0000000601c00000| PB 0x0000000601c00000| Untracked 
|   8|0x0000000602000000, 0x0000000602400000, 0x0000000602400000|100%| O|  |TAMS 0x0000000602000000| PB 0x0000000602000000| Untracked 
|   9|0x0000000602400000, 0x0000000602800000, 0x0000000602800000|100%|HS|  |TAMS 0x0000000602400000| PB 0x0000000602400000| Complete 
|  10|0x0000000602800000, 0x0000000602c00000, 0x0000000602c00000|100%| O|  |TAMS 0x0000000602800000| PB 0x0000000602800000| Untracked 
|  11|0x0000000602c00000, 0x0000000603000000, 0x0000000603000000|100%|HS|  |TAMS 0x0000000602c00000| PB 0x0000000602c00000| Complete 
|  12|0x0000000603000000, 0x0000000603400000, 0x0000000603400000|100%| O|  |TAMS 0x0000000603000000| PB 0x0000000603000000| Untracked 
|  13|0x0000000603400000, 0x0000000603800000, 0x0000000603800000|100%| O|  |TAMS 0x0000000603400000| PB 0x0000000603400000| Untracked 
|  14|0x0000000603800000, 0x0000000603c00000, 0x0000000603c00000|100%| O|  |TAMS 0x0000000603800000| PB 0x0000000603800000| Untracked 
|  15|0x0000000603c00000, 0x0000000604000000, 0x0000000604000000|100%| O|  |TAMS 0x0000000603c00000| PB 0x0000000603c00000| Untracked 
|  16|0x0000000604000000, 0x0000000604400000, 0x0000000604400000|100%| O|  |TAMS 0x0000000604000000| PB 0x0000000604000000| Untracked 
|  17|0x0000000604400000, 0x0000000604800000, 0x0000000604800000|100%| O|Cm|TAMS 0x0000000604400000| PB 0x0000000604400000| Complete 
|  18|0x0000000604800000, 0x0000000604c00000, 0x0000000604c00000|100%| O|  |TAMS 0x0000000604800000| PB 0x0000000604800000| Untracked 
|  19|0x0000000604c00000, 0x0000000605000000, 0x0000000605000000|100%| O|  |TAMS 0x0000000604c00000| PB 0x0000000604c00000| Untracked 
|  20|0x0000000605000000, 0x0000000605000000, 0x0000000605400000|  0%| F|  |TAMS 0x0000000605000000| PB 0x0000000605000000| Untracked 
|  21|0x0000000605400000, 0x0000000605400000, 0x0000000605800000|  0%| F|  |TAMS 0x0000000605400000| PB 0x0000000605400000| Untracked 
|  22|0x0000000605800000, 0x0000000605800000, 0x0000000605c00000|  0%| F|  |TAMS 0x0000000605800000| PB 0x0000000605800000| Untracked 
|  23|0x0000000605c00000, 0x0000000605c00000, 0x0000000606000000|  0%| F|  |TAMS 0x0000000605c00000| PB 0x0000000605c00000| Untracked 
|  24|0x0000000606000000, 0x0000000606400000, 0x0000000606400000|100%| O|  |TAMS 0x0000000606000000| PB 0x0000000606000000| Untracked 
|  25|0x0000000606400000, 0x00000006065e2010, 0x0000000606800000| 47%| O|  |TAMS 0x0000000606400000| PB 0x0000000606400000| Untracked 
|  26|0x0000000606800000, 0x0000000606800000, 0x0000000606c00000|  0%| F|  |TAMS 0x0000000606800000| PB 0x0000000606800000| Untracked 
|  27|0x0000000606c00000, 0x0000000606c00000, 0x0000000607000000|  0%| F|  |TAMS 0x0000000606c00000| PB 0x0000000606c00000| Untracked 
|  28|0x0000000607000000, 0x0000000607000000, 0x0000000607400000|  0%| F|  |TAMS 0x0000000607000000| PB 0x0000000607000000| Untracked 
|  29|0x0000000607400000, 0x00000006077e42f8, 0x0000000607800000| 97%| S|CS|TAMS 0x0000000607400000| PB 0x0000000607400000| Complete 
|  30|0x0000000607800000, 0x0000000607800000, 0x0000000607c00000|  0%| F|  |TAMS 0x0000000607800000| PB 0x0000000607800000| Untracked 
|  31|0x0000000607c00000, 0x0000000607c00000, 0x0000000608000000|  0%| F|  |TAMS 0x0000000607c00000| PB 0x0000000607c00000| Untracked 
|  32|0x0000000608000000, 0x0000000608000000, 0x0000000608400000|  0%| F|  |TAMS 0x0000000608000000| PB 0x0000000608000000| Untracked 
|  33|0x0000000608400000, 0x0000000608400000, 0x0000000608800000|  0%| F|  |TAMS 0x0000000608400000| PB 0x0000000608400000| Untracked 
|  34|0x0000000608800000, 0x0000000608800000, 0x0000000608c00000|  0%| F|  |TAMS 0x0000000608800000| PB 0x0000000608800000| Untracked 
|  35|0x0000000608c00000, 0x0000000608c00000, 0x0000000609000000|  0%| F|  |TAMS 0x0000000608c00000| PB 0x0000000608c00000| Untracked 
|  36|0x0000000609000000, 0x0000000609000000, 0x0000000609400000|  0%| F|  |TAMS 0x0000000609000000| PB 0x0000000609000000| Untracked 
|  37|0x0000000609400000, 0x0000000609400000, 0x0000000609800000|  0%| F|  |TAMS 0x0000000609400000| PB 0x0000000609400000| Untracked 
|2047|0x00000007ffc00000, 0x0000000800000000, 0x0000000800000000|100%| O|  |TAMS 0x00000007ffc00000| PB 0x00000007ffc00000| Untracked 

Card table byte_map: [0x000001d942dc0000,0x000001d943dc0000] _byte_map_base: 0x000001d93fdc0000

Marking Bits: (CMBitMap*) 0x000001d91e1bd0b0
 Bits: [0x000001d943dc0000, 0x000001d94bdc0000)

Polling page: 0x000001d91bf30000

Metaspace:

Usage:
  Non-class:     68.86 MB used.
      Class:     11.80 MB used.
       Both:     80.66 MB used.

Virtual space:
  Non-class space:      128.00 MB reserved,      69.94 MB ( 55%) committed,  2 nodes.
      Class space:        1.00 GB reserved,      12.81 MB (  1%) committed,  1 nodes.
             Both:        1.12 GB reserved,      82.75 MB (  7%) committed. 

Chunk freelists:
   Non-Class:  9.20 MB
       Class:  3.00 MB
        Both:  12.20 MB

MaxMetaspaceSize: 4.00 GB
CompressedClassSpaceSize: 1.00 GB
Initial GC threshold: 21.00 MB
Current GC threshold: 131.19 MB
CDS: on
 - commit_granule_bytes: 65536.
 - commit_granule_words: 8192.
 - virtual_space_node_default_size: 8388608.
 - enlarge_chunks_in_place: 1.
 - use_allocation_guard: 0.


Internal statistics:

num_allocs_failed_limit: 12.
num_arena_births: 3980.
num_arena_deaths: 0.
num_vsnodes_births: 3.
num_vsnodes_deaths: 0.
num_space_committed: 1324.
num_space_uncommitted: 0.
num_chunks_returned_to_freelist: 12.
num_chunks_taken_from_freelist: 8039.
num_chunk_merges: 9.
num_chunk_splits: 5132.
num_chunks_enlarged: 3036.
num_inconsistent_stats: 0.

CodeHeap 'non-profiled nmethods': size=258432Kb used=6011Kb max_used=6231Kb free=252420Kb
 bounds [0x000001d9316b0000, 0x000001d931cd0000, 0x000001d941310000]
CodeHeap 'profiled nmethods': size=258368Kb used=19277Kb max_used=20127Kb free=239090Kb
 bounds [0x000001d921310000, 0x000001d9226c0000, 0x000001d930f60000]
CodeHeap 'non-nmethods': size=7488Kb used=4378Kb max_used=4432Kb free=3109Kb
 bounds [0x000001d930f60000, 0x000001d9313c0000, 0x000001d9316b0000]
CodeCache: size=524288Kb, used=29666Kb, max_used=30790Kb, free=494619Kb
 total_blobs=11168, nmethods=10214, adapters=855, full_count=0
Compilation: enabled, stopped_count=0, restarted_count=0

Compilation events (20 events):
Event: 14.513 Thread 0x000001d994d5f6b0 12031       1       kotlin.Pair::component2 (5 bytes)
Event: 14.513 Thread 0x000001d994d5f6b0 nmethod 12031 0x000001d931b6cc10 code [0x000001d931b6cda0, 0x000001d931b6ce70]
Event: 14.515 Thread 0x000001d94bfab790 12032       3       org.jetbrains.org.objectweb.asm.ClassReader::readUtf (161 bytes)
Event: 14.515 Thread 0x000001d94bfab790 nmethod 12032 0x000001d921b5b610 code [0x000001d921b5b800, 0x000001d921b5bc50]
Event: 14.515 Thread 0x000001d94bfbe560 12033   !   3       java.util.zip.ZipFile$CleanableResource::run (251 bytes)
Event: 14.516 Thread 0x000001d94bfbe560 nmethod 12033 0x000001d921d55e90 code [0x000001d921d56160, 0x000001d921d57220]
Event: 14.532 Thread 0x000001d94bfab790 12034       3       java.lang.StringUTF16::length (5 bytes)
Event: 14.532 Thread 0x000001d994d5f6b0 12035       3       java.lang.StringUTF16::checkIndex (9 bytes)
Event: 14.532 Thread 0x000001d9948b0c30 12036       3       java.lang.StringUTF16::charAt (11 bytes)
Event: 14.532 Thread 0x000001d999af76b0 12037       4       java.lang.String::checkIndex (10 bytes)
Event: 14.532 Thread 0x000001d94bfab790 nmethod 12034 0x000001d9217b9190 code [0x000001d9217b9320, 0x000001d9217b9418]
Event: 14.532 Thread 0x000001d994d5f6b0 nmethod 12035 0x000001d92151df10 code [0x000001d92151e0c0, 0x000001d92151e2b8]
Event: 14.532 Thread 0x000001d9948b0c30 nmethod 12036 0x000001d921b02610 code [0x000001d921b027c0, 0x000001d921b02a28]
Event: 14.533 Thread 0x000001d999af76b0 nmethod 12037 0x000001d931b4f110 code [0x000001d931b4f2a0, 0x000001d931b4f340]
Event: 14.581 Thread 0x000001d9948b0c30 12038       1       org.jetbrains.kotlin.com.intellij.psi.tree.IElementType::getIndex (5 bytes)
Event: 14.581 Thread 0x000001d9948b0c30 nmethod 12038 0x000001d931b4ec90 code [0x000001d931b4ee20, 0x000001d931b4eef0]
Event: 14.611 Thread 0x000001d994d5f6b0 12039       1       javax.management.ObjectName::getCanonicalName (5 bytes)
Event: 14.611 Thread 0x000001d994d5f6b0 nmethod 12039 0x000001d931b28810 code [0x000001d931b289a0, 0x000001d931b28a70]
Event: 14.632 Thread 0x000001d999af76b0 12040       4       java.lang.reflect.Array::newInstance (6 bytes)
Event: 14.633 Thread 0x000001d999af76b0 nmethod 12040 0x000001d931b28310 code [0x000001d931b284a0, 0x000001d931b286f0]

GC Heap History (20 events):
Event: 10.496 GC heap after
{Heap after GC invocations=19 (full 0):
 garbage-first heap   total 131072K, used 58623K [0x0000000600000000, 0x0000000800000000)
  region size 4096K, 1 young (4096K), 1 survivors (4096K)
 Metaspace       used 65645K, committed 67712K, reserved 1114112K
  class space    used 9506K, committed 10560K, reserved 1048576K
}
Event: 10.726 GC heap before
{Heap before GC invocations=19 (full 0):
 garbage-first heap   total 131072K, used 83199K [0x0000000600000000, 0x0000000800000000)
  region size 4096K, 8 young (32768K), 1 survivors (4096K)
 Metaspace       used 67630K, committed 69696K, reserved 1114112K
  class space    used 9762K, committed 10816K, reserved 1048576K
}
Event: 10.728 GC heap after
{Heap after GC invocations=20 (full 0):
 garbage-first heap   total 131072K, used 60026K [0x0000000600000000, 0x0000000800000000)
  region size 4096K, 1 young (4096K), 1 survivors (4096K)
 Metaspace       used 67630K, committed 69696K, reserved 1114112K
  class space    used 9762K, committed 10816K, reserved 1048576K
}
Event: 11.149 GC heap before
{Heap before GC invocations=20 (full 0):
 garbage-first heap   total 131072K, used 105082K [0x0000000600000000, 0x0000000800000000)
  region size 4096K, 12 young (49152K), 1 survivors (4096K)
 Metaspace       used 70442K, committed 72512K, reserved 1114112K
  class space    used 10176K, committed 11200K, reserved 1048576K
}
Event: 11.151 GC heap after
{Heap after GC invocations=21 (full 0):
 garbage-first heap   total 131072K, used 65868K [0x0000000600000000, 0x0000000800000000)
  region size 4096K, 2 young (8192K), 2 survivors (8192K)
 Metaspace       used 70442K, committed 72512K, reserved 1114112K
  class space    used 10176K, committed 11200K, reserved 1048576K
}
Event: 11.598 GC heap before
{Heap before GC invocations=21 (full 0):
 garbage-first heap   total 131072K, used 102732K [0x0000000600000000, 0x0000000800000000)
  region size 4096K, 12 young (49152K), 2 survivors (8192K)
 Metaspace       used 72658K, committed 74752K, reserved 1114112K
  class space    used 10485K, committed 11520K, reserved 1048576K
}
Event: 11.602 GC heap after
{Heap after GC invocations=22 (full 0):
 garbage-first heap   total 131072K, used 70479K [0x0000000600000000, 0x0000000800000000)
  region size 4096K, 2 young (8192K), 2 survivors (8192K)
 Metaspace       used 72658K, committed 74752K, reserved 1114112K
  class space    used 10485K, committed 11520K, reserved 1048576K
}
Event: 12.137 GC heap before
{Heap before GC invocations=23 (full 0):
 garbage-first heap   total 131072K, used 103247K [0x0000000600000000, 0x0000000800000000)
  region size 4096K, 11 young (45056K), 2 survivors (8192K)
 Metaspace       used 75914K, committed 78080K, reserved 1179648K
  class space    used 11056K, committed 12096K, reserved 1048576K
}
Event: 12.142 GC heap after
{Heap after GC invocations=24 (full 0):
 garbage-first heap   total 131072K, used 73052K [0x0000000600000000, 0x0000000800000000)
  region size 4096K, 1 young (4096K), 1 survivors (4096K)
 Metaspace       used 75914K, committed 78080K, reserved 1179648K
  class space    used 11056K, committed 12096K, reserved 1048576K
}
Event: 13.177 GC heap before
{Heap before GC invocations=24 (full 0):
 garbage-first heap   total 131072K, used 105820K [0x0000000600000000, 0x0000000800000000)
  region size 4096K, 10 young (40960K), 1 survivors (4096K)
 Metaspace       used 77356K, committed 79552K, reserved 1179648K
  class space    used 11219K, committed 12288K, reserved 1048576K
}
Event: 13.181 GC heap after
{Heap after GC invocations=25 (full 0):
 garbage-first heap   total 131072K, used 76255K [0x0000000600000000, 0x0000000800000000)
  region size 4096K, 2 young (8192K), 2 survivors (8192K)
 Metaspace       used 77356K, committed 79552K, reserved 1179648K
  class space    used 11219K, committed 12288K, reserved 1048576K
}
Event: 13.440 GC heap before
{Heap before GC invocations=25 (full 0):
 garbage-first heap   total 131072K, used 113119K [0x0000000600000000, 0x0000000800000000)
  region size 4096K, 11 young (45056K), 2 survivors (8192K)
 Metaspace       used 77613K, committed 79808K, reserved 1179648K
  class space    used 11231K, committed 12288K, reserved 1048576K
}
Event: 13.444 GC heap after
{Heap after GC invocations=26 (full 0):
 garbage-first heap   total 131072K, used 79490K [0x0000000600000000, 0x0000000800000000)
  region size 4096K, 2 young (8192K), 2 survivors (8192K)
 Metaspace       used 77613K, committed 79808K, reserved 1179648K
  class space    used 11231K, committed 12288K, reserved 1048576K
}
Event: 13.587 GC heap before
{Heap before GC invocations=27 (full 0):
 garbage-first heap   total 139264K, used 108162K [0x0000000600000000, 0x0000000800000000)
  region size 4096K, 10 young (40960K), 2 survivors (8192K)
 Metaspace       used 77621K, committed 79808K, reserved 1179648K
  class space    used 11232K, committed 12288K, reserved 1048576K
}
Event: 13.590 GC heap after
{Heap after GC invocations=28 (full 0):
 garbage-first heap   total 139264K, used 80540K [0x0000000600000000, 0x0000000800000000)
  region size 4096K, 2 young (8192K), 2 survivors (8192K)
 Metaspace       used 77621K, committed 79808K, reserved 1179648K
  class space    used 11232K, committed 12288K, reserved 1048576K
}
Event: 13.795 GC heap before
{Heap before GC invocations=28 (full 0):
 garbage-first heap   total 139264K, used 121500K [0x0000000600000000, 0x0000000800000000)
  region size 4096K, 12 young (49152K), 2 survivors (8192K)
 Metaspace       used 77628K, committed 79808K, reserved 1179648K
  class space    used 11233K, committed 12288K, reserved 1048576K
}
Event: 13.799 GC heap after
{Heap after GC invocations=29 (full 0):
 garbage-first heap   total 139264K, used 80919K [0x0000000600000000, 0x0000000800000000)
  region size 4096K, 2 young (8192K), 2 survivors (8192K)
 Metaspace       used 77628K, committed 79808K, reserved 1179648K
  class space    used 11233K, committed 12288K, reserved 1048576K
}
Event: 14.227 GC heap before
{Heap before GC invocations=29 (full 0):
 garbage-first heap   total 139264K, used 117783K [0x0000000600000000, 0x0000000800000000)
  region size 4096K, 12 young (49152K), 2 survivors (8192K)
 Metaspace       used 78348K, committed 80576K, reserved 1179648K
  class space    used 11322K, committed 12416K, reserved 1048576K
}
Event: 14.231 GC heap after
{Heap after GC invocations=30 (full 0):
 garbage-first heap   total 143360K, used 91379K [0x0000000600000000, 0x0000000800000000)
  region size 4096K, 2 young (8192K), 2 survivors (8192K)
 Metaspace       used 78348K, committed 80576K, reserved 1179648K
  class space    used 11322K, committed 12416K, reserved 1048576K
}
Event: 14.669 GC heap before
{Heap before GC invocations=31 (full 0):
 garbage-first heap   total 159744K, used 132339K [0x0000000600000000, 0x0000000800000000)
  region size 4096K, 10 young (40960K), 2 survivors (8192K)
 Metaspace       used 82600K, committed 84736K, reserved 1179648K
  class space    used 12085K, committed 13120K, reserved 1048576K
}

Dll operation events (14 events):
Event: 0.006 Loaded shared library C:\Users\luana\.vscode\extensions\redhat.java-1.50.0-win32-x64\jre\21.0.9-win32-x86_64\bin\java.dll
Event: 0.646 Loaded shared library C:\Users\luana\.vscode\extensions\redhat.java-1.50.0-win32-x64\jre\21.0.9-win32-x86_64\bin\zip.dll
Event: 0.662 Loaded shared library C:\Users\luana\.vscode\extensions\redhat.java-1.50.0-win32-x64\jre\21.0.9-win32-x86_64\bin\instrument.dll
Event: 0.666 Loaded shared library C:\Users\luana\.vscode\extensions\redhat.java-1.50.0-win32-x64\jre\21.0.9-win32-x86_64\bin\net.dll
Event: 0.667 Loaded shared library C:\Users\luana\.vscode\extensions\redhat.java-1.50.0-win32-x64\jre\21.0.9-win32-x86_64\bin\nio.dll
Event: 0.670 Loaded shared library C:\Users\luana\.vscode\extensions\redhat.java-1.50.0-win32-x64\jre\21.0.9-win32-x86_64\bin\zip.dll
Event: 0.836 Loaded shared library C:\Users\luana\.vscode\extensions\redhat.java-1.50.0-win32-x64\jre\21.0.9-win32-x86_64\bin\jimage.dll
Event: 0.920 Loaded shared library C:\Users\luana\.vscode\extensions\redhat.java-1.50.0-win32-x64\jre\21.0.9-win32-x86_64\bin\verify.dll
Event: 0.984 Loaded shared library C:\Users\luana\.gradle\native\1def1411415f61bf3af743bc5b6707747c0891f09f0c88961ee8f79bc544acac\windows-amd64\native-platform.dll
Event: 0.993 Loaded shared library C:\Users\luana\.gradle\native\0.2.7\x86_64-windows-gnu\gradle-fileevents.dll
Event: 1.573 Loaded shared library C:\Users\luana\.vscode\extensions\redhat.java-1.50.0-win32-x64\jre\21.0.9-win32-x86_64\bin\management.dll
Event: 1.575 Loaded shared library C:\Users\luana\.vscode\extensions\redhat.java-1.50.0-win32-x64\jre\21.0.9-win32-x86_64\bin\management_ext.dll
Event: 1.672 Loaded shared library C:\Users\luana\.vscode\extensions\redhat.java-1.50.0-win32-x64\jre\21.0.9-win32-x86_64\bin\extnet.dll
Event: 1.859 Loaded shared library C:\Users\luana\.vscode\extensions\redhat.java-1.50.0-win32-x64\jre\21.0.9-win32-x86_64\bin\sunmscapi.dll

Deoptimization events (20 events):
Event: 14.370 Thread 0x000001d995ee8190 Uncommon trap: trap_request=0xffffffc6 fr.pc=0x000001d931c74cdc relative=0x00000000000017bc
Event: 14.370 Thread 0x000001d995ee8190 Uncommon trap: reason=bimorphic_or_optimized_type_check action=maybe_recompile pc=0x000001d931c74cdc method=org.gradle.internal.snapshot.AbstractStorePathRelationshipHandler.handleAsDescendantOfChild(Lorg/gradle/internal/snapshot/VfsRelativePath;Ljava/lan
Event: 14.370 Thread 0x000001d995ee8190 DEOPT PACKING pc=0x000001d931c74cdc sp=0x000000c00b7f6a60
Event: 14.370 Thread 0x000001d995ee8190 DEOPT UNPACKING pc=0x000001d930fb4422 sp=0x000000c00b7f6908 mode 2
Event: 14.370 Thread 0x000001d995ee8190 Uncommon trap: trap_request=0xffffffc6 fr.pc=0x000001d931c74cdc relative=0x00000000000017bc
Event: 14.370 Thread 0x000001d995ee8190 Uncommon trap: reason=bimorphic_or_optimized_type_check action=maybe_recompile pc=0x000001d931c74cdc method=org.gradle.internal.snapshot.AbstractStorePathRelationshipHandler.handleAsDescendantOfChild(Lorg/gradle/internal/snapshot/VfsRelativePath;Ljava/lan
Event: 14.370 Thread 0x000001d995ee8190 DEOPT PACKING pc=0x000001d931c74cdc sp=0x000000c00b7f6a60
Event: 14.370 Thread 0x000001d995ee8190 DEOPT UNPACKING pc=0x000001d930fb4422 sp=0x000000c00b7f6908 mode 2
Event: 14.370 Thread 0x000001d995ee8190 Uncommon trap: trap_request=0xffffff45 fr.pc=0x000001d931c74cb4 relative=0x0000000000001794
Event: 14.370 Thread 0x000001d995ee8190 Uncommon trap: reason=unstable_if action=reinterpret pc=0x000001d931c74cb4 method=org.gradle.internal.snapshot.ChildMap$Entry.handlePath(Lorg/gradle/internal/snapshot/VfsRelativePath;Lorg/gradle/internal/snapshot/CaseSensitivity;Lorg/gradle/internal/snaps
Event: 14.370 Thread 0x000001d995ee8190 DEOPT PACKING pc=0x000001d931c74cb4 sp=0x000000c00b7f6690
Event: 14.370 Thread 0x000001d995ee8190 DEOPT UNPACKING pc=0x000001d930fb4422 sp=0x000000c00b7f6640 mode 2
Event: 14.470 Thread 0x000001d995ee8190 Uncommon trap: trap_request=0xffffff45 fr.pc=0x000001d931888048 relative=0x0000000000000568
Event: 14.470 Thread 0x000001d995ee8190 Uncommon trap: reason=unstable_if action=reinterpret pc=0x000001d931888048 method=org.jetbrains.org.objectweb.asm.ClassReader.readUtf(II[C)Ljava/lang/String; @ 41 c2
Event: 14.470 Thread 0x000001d995ee8190 DEOPT PACKING pc=0x000001d931888048 sp=0x000000c00b7f6110
Event: 14.470 Thread 0x000001d995ee8190 DEOPT UNPACKING pc=0x000001d930fb4422 sp=0x000000c00b7f60b8 mode 2
Event: 14.628 Thread 0x000001d995ee8190 Uncommon trap: trap_request=0xfffffff4 fr.pc=0x000001d9318694a0 relative=0x0000000000000180
Event: 14.628 Thread 0x000001d995ee8190 Uncommon trap: reason=null_check action=make_not_entrant pc=0x000001d9318694a0 method=java.lang.reflect.Array.newInstance(Ljava/lang/Class;I)Ljava/lang/Object; @ 2 c2
Event: 14.628 Thread 0x000001d995ee8190 DEOPT PACKING pc=0x000001d9318694a0 sp=0x000000c00b7f4130
Event: 14.628 Thread 0x000001d995ee8190 DEOPT UNPACKING pc=0x000001d930fb4422 sp=0x000000c00b7f40c8 mode 2

Classes loaded (20 events):
Event: 12.082 Loading class java/util/stream/ReferencePipeline$4
Event: 12.082 Loading class java/util/stream/IntPipeline$StatelessOp
Event: 12.082 Loading class java/util/stream/IntPipeline$StatelessOp done
Event: 12.082 Loading class java/util/stream/ReferencePipeline$4 done
Event: 12.082 Loading class java/util/stream/ReduceOps$6
Event: 12.082 Loading class java/util/stream/ReduceOps$6 done
Event: 12.082 Loading class java/util/stream/ReduceOps$5ReducingSink
Event: 12.082 Loading class java/util/stream/ReduceOps$5ReducingSink done
Event: 12.082 Loading class java/util/stream/ReferencePipeline$4$1
Event: 12.082 Loading class java/util/stream/ReferencePipeline$4$1 done
Event: 12.527 Loading class java/util/concurrent/ConcurrentLinkedQueue$Itr
Event: 12.527 Loading class java/util/concurrent/ConcurrentLinkedQueue$Itr done
Event: 12.762 Loading class java/util/Collections$ReverseComparator
Event: 12.762 Loading class java/util/Collections$ReverseComparator done
Event: 12.762 Loading class java/util/Collections$ReverseComparator2
Event: 12.762 Loading class java/util/Collections$ReverseComparator2 done
Event: 14.125 Loading class java/io/NotSerializableException
Event: 14.125 Loading class java/io/NotSerializableException done
Event: 14.536 Loading class java/util/EmptyStackException
Event: 14.536 Loading class java/util/EmptyStackException done

Classes unloaded (0 events):
No events

Classes redefined (0 events):
No events

Internal exceptions (20 events):
Event: 12.017 Thread 0x000001d995bb40c0 Exception <a 'java/lang/NoSuchMethodError'{0x00000006063d7d50}: static Lorg/gradle/internal/build/event/types/DefaultTaskSkippedResult;.<clinit>()V> (0x00000006063d7d50) 
thrown [s\src\hotspot\share\prims\jni.cpp, line 1111]
Event: 12.017 Thread 0x000001d995bb40c0 Exception <a 'java/lang/NoSuchMethodError'{0x00000006063d8e50}: static Lorg/gradle/internal/build/event/types/AbstractTaskResult;.<clinit>()V> (0x00000006063d8e50) 
thrown [s\src\hotspot\share\prims\jni.cpp, line 1111]
Event: 12.021 Thread 0x000001d997c5a270 Exception <a 'java/lang/NoSuchMethodError'{0x00000006063fd890}: 'void java.lang.invoke.DirectMethodHandle$Holder.invokeSpecial(java.lang.Object, java.lang.Object, java.lang.Object, java.lang.Object, int, java.lang.Object, java.lang.Object)'> (0x00000006063fd890) 
thrown [s\src\hotspot\share\interpreter\linkResolver.cpp, line 773]
Event: 12.040 Thread 0x000001d997c581a0 Exception <a 'java/lang/NoSuchMethodError'{0x0000000605d548d0}: static Ljava/lang/Object;.<clinit>()V> (0x0000000605d548d0) 
thrown [s\src\hotspot\share\prims\jni.cpp, line 1111]
Event: 12.041 Thread 0x000001d997c581a0 Exception <a 'java/lang/NoSuchMethodError'{0x0000000605d8bba0}: static Lorg/jetbrains/kotlin/gradle/plugin/statistics/MetricContainer;.<clinit>()V> (0x0000000605d8bba0) 
thrown [s\src\hotspot\share\prims\jni.cpp, line 1111]
Event: 12.103 Thread 0x000001d997c5a270 Exception <a 'java/lang/NoSuchMethodError'{0x0000000605f4bad8}: 'int java.lang.invoke.DirectMethodHandle$Holder.invokeSpecial(java.lang.Object, java.lang.Object, java.lang.Object, java.lang.Object, java.lang.Object)'> (0x0000000605f4bad8) 
thrown [s\src\hotspot\share\interpreter\linkResolver.cpp, line 773]
Event: 12.172 Thread 0x000001d997c5a270 Exception <a 'java/lang/IncompatibleClassChangeError'{0x0000000607d7ef00}: Found class java.lang.Object, but interface was expected> (0x0000000607d7ef00) 
thrown [s\src\hotspot\share\interpreter\linkResolver.cpp, line 840]
Event: 12.338 Thread 0x000001d997c5a270 Exception <a 'java/lang/NoSuchMethodError'{0x0000000607583978}: static Ljava/lang/Object;.<clinit>()V> (0x0000000607583978) 
thrown [s\src\hotspot\share\prims\jni.cpp, line 1111]
Event: 12.415 Thread 0x000001d99a3b31e0 Implicit null exception at 0x000001d931bc22de to 0x000001d931bc4488
Event: 12.459 Thread 0x000001d997c5a270 Exception <a 'java/lang/NoSuchMethodError'{0x0000000606e853f0}: 'int java.lang.invoke.DirectMethodHandle$Holder.invokeStaticInit(java.lang.Object, java.lang.Object, java.lang.Object, java.lang.Object, java.lang.Object)'> (0x0000000606e853f0) 
thrown [s\src\hotspot\share\interpreter\linkResolver.cpp, line 773]
Event: 12.481 Thread 0x000001d995bb40c0 Exception <a 'java/lang/NoSuchMethodError'{0x0000000606808fc8}: static Lorg/gradle/internal/build/event/types/DefaultTaskSuccessResult;.<clinit>()V> (0x0000000606808fc8) 
thrown [s\src\hotspot\share\prims\jni.cpp, line 1111]
Event: 12.483 Thread 0x000001d997c5a270 Exception <a 'sun/nio/fs/WindowsException'{0x00000006068187d0}> (0x00000006068187d0) 
thrown [s\src\hotspot\share\prims\jni.cpp, line 520]
Event: 12.484 Thread 0x000001d997c5a270 Exception <a 'sun/nio/fs/WindowsException'{0x000000060681ab80}> (0x000000060681ab80) 
thrown [s\src\hotspot\share\prims\jni.cpp, line 520]
Event: 12.484 Thread 0x000001d997c5a270 Exception <a 'sun/nio/fs/WindowsException'{0x000000060681cd60}> (0x000000060681cd60) 
thrown [s\src\hotspot\share\prims\jni.cpp, line 520]
Event: 12.485 Thread 0x000001d997c5a270 Exception <a 'sun/nio/fs/WindowsException'{0x000000060681ec28}> (0x000000060681ec28) 
thrown [s\src\hotspot\share\prims\jni.cpp, line 520]
Event: 12.490 Thread 0x000001d999c6f150 Exception <a 'sun/nio/fs/WindowsException'{0x00000006068781a0}> (0x00000006068781a0) 
thrown [s\src\hotspot\share\prims\jni.cpp, line 520]
Event: 12.490 Thread 0x000001d999c6f150 Exception <a 'sun/nio/fs/WindowsException'{0x000000060687ea28}> (0x000000060687ea28) 
thrown [s\src\hotspot\share\prims\jni.cpp, line 520]
Event: 12.490 Thread 0x000001d999c6f150 Exception <a 'sun/nio/fs/WindowsException'{0x0000000606880778}> (0x0000000606880778) 
thrown [s\src\hotspot\share\prims\jni.cpp, line 520]
Event: 14.546 Thread 0x000001d995ee8190 Exception <a 'java/lang/NoSuchMethodError'{0x00000006080af548}: 'java.lang.Object java.lang.invoke.DirectMethodHandle$Holder.invokeStaticInit(java.lang.Object, int)'> (0x00000006080af548) 
thrown [s\src\hotspot\share\interpreter\linkResolver.cpp, line 773]
Event: 14.628 Thread 0x000001d995ee8190 Implicit null exception at 0x000001d931869341 to 0x000001d93186948c

ZGC Phase Switch (0 events):
No events

VM Operations (20 events):
Event: 13.481 Executing VM operation: G1PauseCleanup done
Event: 13.586 Executing VM operation: G1CollectForAllocation (G1 Evacuation Pause)
Event: 13.590 Executing VM operation: G1CollectForAllocation (G1 Evacuation Pause) done
Event: 13.795 Executing VM operation: G1CollectForAllocation (G1 Evacuation Pause)
Event: 13.799 Executing VM operation: G1CollectForAllocation (G1 Evacuation Pause) done
Event: 14.005 Executing VM operation: HandshakeAllThreads (Deoptimize)
Event: 14.005 Executing VM operation: HandshakeAllThreads (Deoptimize) done
Event: 14.199 Executing VM operation: HandshakeAllThreads (Deoptimize)
Event: 14.200 Executing VM operation: HandshakeAllThreads (Deoptimize) done
Event: 14.227 Executing VM operation: G1CollectForAllocation (G1 Evacuation Pause)
Event: 14.231 Executing VM operation: G1CollectForAllocation (G1 Evacuation Pause) done
Event: 14.253 Executing VM operation: G1PauseRemark
Event: 14.258 Executing VM operation: G1PauseRemark done
Event: 14.266 Executing VM operation: G1PauseCleanup
Event: 14.266 Executing VM operation: G1PauseCleanup done
Event: 14.535 Executing VM operation: HandshakeAllThreads (Deoptimize)
Event: 14.535 Executing VM operation: HandshakeAllThreads (Deoptimize) done
Event: 14.544 Executing VM operation: HandshakeAllThreads (Deoptimize)
Event: 14.544 Executing VM operation: HandshakeAllThreads (Deoptimize) done
Event: 14.669 Executing VM operation: G1CollectForAllocation (G1 Evacuation Pause)

Memory protections (0 events):
No events

Nmethod flushes (20 events):
Event: 14.257 Thread 0x000001d94bf72000 flushing  nmethod 0x000001d92134e190
Event: 14.257 Thread 0x000001d94bf72000 flushing  nmethod 0x000001d92153d410
Event: 14.257 Thread 0x000001d94bf72000 flushing  nmethod 0x000001d92153de10
Event: 14.257 Thread 0x000001d94bf72000 flushing  nmethod 0x000001d921890d90
Event: 14.257 Thread 0x000001d94bf72000 flushing  nmethod 0x000001d92189ce90
Event: 14.257 Thread 0x000001d94bf72000 flushing  nmethod 0x000001d92189d210
Event: 14.257 Thread 0x000001d94bf72000 flushing  nmethod 0x000001d921ae4310
Event: 14.257 Thread 0x000001d94bf72000 flushing  nmethod 0x000001d921ae9590
Event: 14.257 Thread 0x000001d94bf72000 flushing  nmethod 0x000001d921b35410
Event: 14.257 Thread 0x000001d94bf72000 flushing  nmethod 0x000001d921b90d10
Event: 14.257 Thread 0x000001d94bf72000 flushing  nmethod 0x000001d921b91110
Event: 14.257 Thread 0x000001d94bf72000 flushing  nmethod 0x000001d921d7fd10
Event: 14.257 Thread 0x000001d94bf72000 flushing  nmethod 0x000001d921d81b90
Event: 14.257 Thread 0x000001d94bf72000 flushing  nmethod 0x000001d921d82090
Event: 14.257 Thread 0x000001d94bf72000 flushing  nmethod 0x000001d921f3e710
Event: 14.257 Thread 0x000001d94bf72000 flushing  nmethod 0x000001d921f8b090
Event: 14.257 Thread 0x000001d94bf72000 flushing  nmethod 0x000001d921f8ff90
Event: 14.257 Thread 0x000001d94bf72000 flushing  nmethod 0x000001d921fe0910
Event: 14.257 Thread 0x000001d94bf72000 flushing  nmethod 0x000001d9220cca90
Event: 14.257 Thread 0x000001d94bf72000 flushing  nmethod 0x000001d9220ccd90

Events (20 events):
Event: 13.233 Thread 0x000001d995ee8190 Thread added: 0x000001d99a4b23d0
Event: 13.234 Thread 0x000001d995ee8190 Thread added: 0x000001d99a4b3780
Event: 13.236 Thread 0x000001d995ee8190 Thread added: 0x000001d99a4b51c0
Event: 13.240 Thread 0x000001d995ee8190 Thread added: 0x000001d99a319f30
Event: 13.412 Thread 0x000001d995ee8190 Thread added: 0x000001d99a3177d0
Event: 13.412 Thread 0x000001d995ee8190 Thread added: 0x000001d99a316ab0
Event: 13.412 Thread 0x000001d995ee8190 Thread added: 0x000001d99a317140
Event: 13.413 Thread 0x000001d995ee8190 Thread added: 0x000001d99a31a5c0
Event: 13.413 Thread 0x000001d995ee8190 Thread added: 0x000001d99a317e60
Event: 13.413 Thread 0x000001d995ee8190 Thread added: 0x000001d99a319210
Event: 13.414 Thread 0x000001d995ee8190 Thread added: 0x000001d99a31ac50
Event: 13.414 Thread 0x000001d995ee8190 Thread added: 0x000001d99a3198a0
Event: 13.415 Thread 0x000001d995ee8190 Thread added: 0x000001d99a31b2e0
Event: 13.416 Thread 0x000001d995ee8190 Thread added: 0x000001d99a31b970
Event: 13.416 Thread 0x000001d995ee8190 Thread added: 0x000001d99a318b80
Event: 13.416 Thread 0x000001d995ee8190 Thread added: 0x000001d99a3184f0
Event: 13.416 Thread 0x000001d995ee8190 Thread added: 0x000001d99a31e0d0
Event: 13.417 Thread 0x000001d995ee8190 Thread added: 0x000001d99a31edf0
Event: 13.417 Thread 0x000001d995ee8190 Thread added: 0x000001d99a31e760
Event: 14.519 Thread 0x000001d995ee8190 Thread added: 0x000001d99a3201a0


Dynamic libraries:
0x00007ff664ce0000 - 0x00007ff664cee000 	C:\Users\luana\.vscode\extensions\redhat.java-1.50.0-win32-x64\jre\21.0.9-win32-x86_64\bin\java.exe
0x00007ff9867e0000 - 0x00007ff986a48000 	C:\WINDOWS\SYSTEM32\ntdll.dll
0x00007ff9859f0000 - 0x00007ff985ab9000 	C:\WINDOWS\System32\KERNEL32.DLL
0x00007ff983c70000 - 0x00007ff984062000 	C:\WINDOWS\System32\KERNELBASE.dll
0x00007ff9839a0000 - 0x00007ff983aeb000 	C:\WINDOWS\System32\ucrtbase.dll
0x00007ff96ef40000 - 0x00007ff96ef5e000 	C:\Users\luana\.vscode\extensions\redhat.java-1.50.0-win32-x64\jre\21.0.9-win32-x86_64\bin\VCRUNTIME140.dll
0x00007ff96f180000 - 0x00007ff96f198000 	C:\Users\luana\.vscode\extensions\redhat.java-1.50.0-win32-x64\jre\21.0.9-win32-x86_64\bin\jli.dll
0x00007ff985b90000 - 0x00007ff985d55000 	C:\WINDOWS\System32\USER32.dll
0x00007ff963b90000 - 0x00007ff963e23000 	C:\WINDOWS\WinSxS\amd64_microsoft.windows.common-controls_6595b64144ccf1df_6.0.26100.6899_none_3e0efeeae32e88c1\COMCTL32.dll
0x00007ff983970000 - 0x00007ff983997000 	C:\WINDOWS\System32\win32u.dll
0x00007ff985740000 - 0x00007ff9857e9000 	C:\WINDOWS\System32\msvcrt.dll
0x00007ff984cb0000 - 0x00007ff984cdb000 	C:\WINDOWS\System32\GDI32.dll
0x00007ff984070000 - 0x00007ff98419d000 	C:\WINDOWS\System32\gdi32full.dll
0x00007ff984240000 - 0x00007ff9842e3000 	C:\WINDOWS\System32\msvcp_win.dll
0x00007ff984640000 - 0x00007ff98466f000 	C:\WINDOWS\System32\IMM32.DLL
0x00007ff9802f0000 - 0x00007ff9802fc000 	C:\Users\luana\.vscode\extensions\redhat.java-1.50.0-win32-x64\jre\21.0.9-win32-x86_64\bin\vcruntime140_1.dll
0x00007ff94e0b0000 - 0x00007ff94e13d000 	C:\Users\luana\.vscode\extensions\redhat.java-1.50.0-win32-x64\jre\21.0.9-win32-x86_64\bin\msvcp140.dll
0x00007ff900e40000 - 0x00007ff901be0000 	C:\Users\luana\.vscode\extensions\redhat.java-1.50.0-win32-x64\jre\21.0.9-win32-x86_64\bin\server\jvm.dll
0x00007ff984bf0000 - 0x00007ff984ca4000 	C:\WINDOWS\System32\ADVAPI32.dll
0x00007ff984680000 - 0x00007ff984726000 	C:\WINDOWS\System32\sechost.dll
0x00007ff984ce0000 - 0x00007ff984df8000 	C:\WINDOWS\System32\RPCRT4.dll
0x00007ff986470000 - 0x00007ff9864e4000 	C:\WINDOWS\System32\WS2_32.dll
0x00007ff9825a0000 - 0x00007ff9825fe000 	C:\WINDOWS\SYSTEM32\POWRPROF.dll
0x00007ff97bef0000 - 0x00007ff97bf25000 	C:\WINDOWS\SYSTEM32\WINMM.dll
0x00007ff97c830000 - 0x00007ff97c83b000 	C:\WINDOWS\SYSTEM32\VERSION.dll
0x00007ff982580000 - 0x00007ff982594000 	C:\WINDOWS\SYSTEM32\UMPDC.dll
0x00007ff982860000 - 0x00007ff98287b000 	C:\WINDOWS\SYSTEM32\kernel.appcore.dll
0x00007ff97c8e0000 - 0x00007ff97c8ea000 	C:\Users\luana\.vscode\extensions\redhat.java-1.50.0-win32-x64\jre\21.0.9-win32-x86_64\bin\jimage.dll
0x00007ff981010000 - 0x00007ff981252000 	C:\WINDOWS\SYSTEM32\DBGHELP.DLL
0x00007ff984870000 - 0x00007ff984beb000 	C:\WINDOWS\System32\combase.dll
0x00007ff984e00000 - 0x00007ff984ed7000 	C:\WINDOWS\System32\OLEAUT32.dll
0x00007ff95ccc0000 - 0x00007ff95ccfc000 	C:\WINDOWS\SYSTEM32\dbgcore.DLL
0x00007ff9841a0000 - 0x00007ff984238000 	C:\WINDOWS\System32\bcryptPrimitives.dll
0x00007ff96c160000 - 0x00007ff96c16f000 	C:\Users\luana\.vscode\extensions\redhat.java-1.50.0-win32-x64\jre\21.0.9-win32-x86_64\bin\instrument.dll
0x00007ff96c5e0000 - 0x00007ff96c600000 	C:\Users\luana\.vscode\extensions\redhat.java-1.50.0-win32-x64\jre\21.0.9-win32-x86_64\bin\java.dll
0x00007ff984f60000 - 0x00007ff9856ad000 	C:\WINDOWS\System32\SHELL32.dll
0x00007ff9843b0000 - 0x00007ff98451b000 	C:\WINDOWS\System32\wintypes.dll
0x00007ff9815e0000 - 0x00007ff981e3d000 	C:\WINDOWS\SYSTEM32\windows.storage.dll
0x00007ff984730000 - 0x00007ff984822000 	C:\WINDOWS\System32\SHCORE.dll
0x00007ff985b20000 - 0x00007ff985b82000 	C:\WINDOWS\System32\shlwapi.dll
0x00007ff983890000 - 0x00007ff9838b9000 	C:\WINDOWS\SYSTEM32\profapi.dll
0x00007ff96c190000 - 0x00007ff96c1a8000 	C:\Users\luana\.vscode\extensions\redhat.java-1.50.0-win32-x64\jre\21.0.9-win32-x86_64\bin\zip.dll
0x00007ff96da00000 - 0x00007ff96da10000 	C:\Users\luana\.vscode\extensions\redhat.java-1.50.0-win32-x64\jre\21.0.9-win32-x86_64\bin\net.dll
0x00007ff97cf30000 - 0x00007ff97d04f000 	C:\WINDOWS\SYSTEM32\WINHTTP.dll
0x00007ff982dd0000 - 0x00007ff982e3b000 	C:\WINDOWS\system32\mswsock.dll
0x00007ff96af70000 - 0x00007ff96af86000 	C:\Users\luana\.vscode\extensions\redhat.java-1.50.0-win32-x64\jre\21.0.9-win32-x86_64\bin\nio.dll
0x00007ff96ae30000 - 0x00007ff96ae40000 	C:\Users\luana\.vscode\extensions\redhat.java-1.50.0-win32-x64\jre\21.0.9-win32-x86_64\bin\verify.dll
0x00007ff944ee0000 - 0x00007ff944f07000 	C:\Users\luana\.gradle\native\1def1411415f61bf3af743bc5b6707747c0891f09f0c88961ee8f79bc544acac\windows-amd64\native-platform.dll
0x00007ff94e1a0000 - 0x00007ff94e218000 	C:\Users\luana\.gradle\native\0.2.7\x86_64-windows-gnu\gradle-fileevents.dll
0x00007ff96c640000 - 0x00007ff96c64a000 	C:\Users\luana\.vscode\extensions\redhat.java-1.50.0-win32-x64\jre\21.0.9-win32-x86_64\bin\management.dll
0x00007ff96c540000 - 0x00007ff96c54c000 	C:\Users\luana\.vscode\extensions\redhat.java-1.50.0-win32-x64\jre\21.0.9-win32-x86_64\bin\management_ext.dll
0x00007ff9845b0000 - 0x00007ff9845b8000 	C:\WINDOWS\System32\PSAPI.DLL
0x00007ff982320000 - 0x00007ff982354000 	C:\WINDOWS\SYSTEM32\IPHLPAPI.DLL
0x00007ff984860000 - 0x00007ff98486a000 	C:\WINDOWS\System32\NSI.dll
0x00007ff96b370000 - 0x00007ff96b379000 	C:\Users\luana\.vscode\extensions\redhat.java-1.50.0-win32-x64\jre\21.0.9-win32-x86_64\bin\extnet.dll
0x00007ff983080000 - 0x00007ff98309b000 	C:\WINDOWS\SYSTEM32\CRYPTSP.dll
0x00007ff9827c0000 - 0x00007ff9827fb000 	C:\WINDOWS\system32\rsaenh.dll
0x00007ff982e70000 - 0x00007ff982e9b000 	C:\WINDOWS\SYSTEM32\USERENV.dll
0x00007ff983860000 - 0x00007ff983886000 	C:\WINDOWS\SYSTEM32\bcrypt.dll
0x00007ff9830a0000 - 0x00007ff9830ac000 	C:\WINDOWS\SYSTEM32\CRYPTBASE.dll
0x00007ff96c180000 - 0x00007ff96c18e000 	C:\Users\luana\.vscode\extensions\redhat.java-1.50.0-win32-x64\jre\21.0.9-win32-x86_64\bin\sunmscapi.dll
0x00007ff983af0000 - 0x00007ff983c67000 	C:\WINDOWS\System32\CRYPT32.dll
0x00007ff9832a0000 - 0x00007ff9832d0000 	C:\WINDOWS\SYSTEM32\ncrypt.dll
0x00007ff983250000 - 0x00007ff98328f000 	C:\WINDOWS\SYSTEM32\NTASN1.dll
0x00007ff94d3d0000 - 0x00007ff94d3d8000 	C:\WINDOWS\system32\wshunix.dll
0x00007ff94d6e0000 - 0x00007ff94d6f8000 	C:\WINDOWS\system32\napinsp.dll
0x00007ff982360000 - 0x00007ff982486000 	C:\WINDOWS\SYSTEM32\DNSAPI.dll
0x00007ff94d460000 - 0x00007ff94d472000 	C:\WINDOWS\System32\winrnr.dll
0x00007ff94d430000 - 0x00007ff94d458000 	C:\WINDOWS\system32\nlansp_c.dll
0x00007ff94d3b0000 - 0x00007ff94d3c6000 	C:\WINDOWS\system32\wshbth.dll
0x00007ff97c890000 - 0x00007ff97c89b000 	C:\Windows\System32\rasadhlp.dll
0x00007ff97e000000 - 0x00007ff97e086000 	C:\WINDOWS\System32\fwpuclnt.dll

JVMTI agents:
C:\Users\luana\.gradle\wrapper\dists\gradle-8.14-all\c2qonpi39x1mddn7hk5gh9iqj\gradle-8.14\lib\agents\gradle-instrumentation-agent-8.14.jar path:C:\Users\luana\.vscode\extensions\redhat.java-1.50.0-win32-x64\jre\21.0.9-win32-x86_64\bin\instrument.dll, loaded, initialized, instrumentlib options:none

dbghelp: loaded successfully - version: 4.0.5 - missing functions: none
symbol engine: initialized successfully - sym options: 0x614 - pdb path: .;C:\Users\luana\.vscode\extensions\redhat.java-1.50.0-win32-x64\jre\21.0.9-win32-x86_64\bin;C:\WINDOWS\SYSTEM32;C:\WINDOWS\WinSxS\amd64_microsoft.windows.common-controls_6595b64144ccf1df_6.0.26100.6899_none_3e0efeeae32e88c1;C:\Users\luana\.vscode\extensions\redhat.java-1.50.0-win32-x64\jre\21.0.9-win32-x86_64\bin\server;C:\Users\luana\.gradle\native\1def1411415f61bf3af743bc5b6707747c0891f09f0c88961ee8f79bc544acac\windows-amd64;C:\Users\luana\.gradle\native\0.2.7\x86_64-windows-gnu

VM Arguments:
jvm_args: --add-opens=java.base/java.lang=ALL-UNNAMED --add-opens=java.base/java.lang.invoke=ALL-UNNAMED --add-opens=java.base/java.util=ALL-UNNAMED --add-opens=java.prefs/java.util.prefs=ALL-UNNAMED --add-exports=jdk.compiler/com.sun.tools.javac.api=ALL-UNNAMED --add-exports=jdk.compiler/com.sun.tools.javac.util=ALL-UNNAMED --add-opens=java.base/java.util=ALL-UNNAMED --add-opens=java.prefs/java.util.prefs=ALL-UNNAMED --add-opens=java.base/java.nio.charset=ALL-UNNAMED --add-opens=java.base/java.net=ALL-UNNAMED --add-opens=java.base/java.util.concurrent.atomic=ALL-UNNAMED --add-opens=java.xml/javax.xml.namespace=ALL-UNNAMED -XX:MaxMetaspaceSize=4G -XX:ReservedCodeCacheSize=512m -XX:+HeapDumpOnOutOfMemoryError -Xmx8G -Dfile.encoding=UTF-8 -Duser.country=BR -Duser.language=pt -Duser.variant -javaagent:C:\Users\luana\.gradle\wrapper\dists\gradle-8.14-all\c2qonpi39x1mddn7hk5gh9iqj\gradle-8.14\lib\agents\gradle-instrumentation-agent-8.14.jar 
java_command: org.gradle.launcher.daemon.bootstrap.GradleDaemon 8.14
java_class_path (initial): C:\Users\luana\.gradle\wrapper\dists\gradle-8.14-all\c2qonpi39x1mddn7hk5gh9iqj\gradle-8.14\lib\gradle-daemon-main-8.14.jar
Launcher Type: SUN_STANDARD

[Global flags]
     intx CICompilerCount                          = 12                                        {product} {ergonomic}
     uint ConcGCThreads                            = 3                                         {product} {ergonomic}
     uint G1ConcRefinementThreads                  = 13                                        {product} {ergonomic}
   size_t G1HeapRegionSize                         = 4194304                                   {product} {ergonomic}
    uintx GCDrainStackTargetSize                   = 64                                        {product} {ergonomic}
     bool HeapDumpOnOutOfMemoryError               = true                                   {manageable} {command line}
   size_t InitialHeapSize                          = 130023424                                 {product} {ergonomic}
   size_t MarkStackSize                            = 4194304                                   {product} {ergonomic}
   size_t MaxHeapSize                              = 8589934592                                {product} {command line}
   size_t MaxMetaspaceSize                         = 4294967296                                {product} {command line}
   size_t MaxNewSize                               = 5150605312                                {product} {ergonomic}
   size_t MinHeapDeltaBytes                        = 4194304                                   {product} {ergonomic}
   size_t MinHeapSize                              = 8388608                                   {product} {ergonomic}
    uintx NonNMethodCodeHeapSize                   = 7602480                                {pd product} {ergonomic}
    uintx NonProfiledCodeHeapSize                  = 264634216                              {pd product} {ergonomic}
    uintx ProfiledCodeHeapSize                     = 264634216                              {pd product} {ergonomic}
    uintx ReservedCodeCacheSize                    = 536870912                              {pd product} {command line}
     bool SegmentedCodeCache                       = true                                      {product} {ergonomic}
   size_t SoftMaxHeapSize                          = 8589934592                             {manageable} {ergonomic}
     bool UseCompressedOops                        = true                           {product lp64_product} {ergonomic}
     bool UseG1GC                                  = true                                      {product} {ergonomic}
     bool UseLargePagesIndividualAllocation        = false                                  {pd product} {ergonomic}

Logging:
Log output configuration:
 #0: stdout all=warning uptime,level,tags foldmultilines=false
 #1: stderr all=off uptime,level,tags foldmultilines=false

Release file:
JAVA_VERSION="21.0.9" 
MODULES="java.base java.compiler java.datatransfer java.xml java.prefs java.desktop java.instrument java.logging java.management java.security.sasl java.naming java.rmi java.management.rmi java.net.http java.scripting java.security.jgss java.transaction.xa java.sql java.sql.rowset java.xml.crypto java.se java.smartcardio jdk.accessibility jdk.internal.jvmstat jdk.attach jdk.charsets jdk.internal.opt jdk.zipfs jdk.compiler jdk.crypto.ec jdk.crypto.cryptoki jdk.crypto.mscapi jdk.dynalink jdk.internal.ed jdk.editpad jdk.hotspot.agent jdk.httpserver jdk.internal.le jdk.internal.vm.ci jdk.internal.vm.compiler jdk.internal.vm.compiler.management jdk.jartool jdk.javadoc jdk.jcmd jdk.management jdk.management.agent jdk.jconsole jdk.jdeps jdk.jdwp.agent jdk.jdi jdk.jfr jdk.jshell jdk.jsobject jdk.jstatd jdk.localedata jdk.management.jfr jdk.naming.dns jdk.naming.rmi jdk.net jdk.nio.mapmode jdk.random jdk.sctp jdk.security.auth jdk.security.jgss jdk.unsupported jdk.unsupported.desktop jdk.xml.dom" 

Environment Variables:
JAVA_HOME=C:\Users\luana\Downloads\openjdk-21+35_windows-x64_bin\jdk-21
PATH=C:\Program Files\Common Files\Oracle\Java\javapath;C:\Program Files (x86)\Common Files\Oracle\Java\java8path;C:\Program Files (x86)\Common Files\Oracle\Java\javapath;C:\Windows\system32;C:\Windows;C:\Windows\System32\Wbem;C:\Windows\System32\WindowsPowerShell\v1.0\;C:\Windows\System32\OpenSSH\;C:\Program Files\dotnet\;C:\Program Files (x86)\NVIDIA Corporation\PhysX\Common;C:\Program Files\NVIDIA Corporation\NVIDIA NvDLISR;C:\WINDOWS\system32;C:\WINDOWS;C:\WINDOWS\System32\Wbem;C:\WINDOWS\System32\WindowsPowerShell\v1.0\;C:\WINDOWS\System32\OpenSSH\;C:\Program Files\Git\cmd;C:\Users\luana\Downloads\spark-3.4.4-bin-hadoop3\spark-3.4.4-bin-hadoop3\bin;C:\Users\luana\Downloads\openjdk-21+35_windows-x64_bin\jdk-21\bin;C:\Users\luana\AppData\Local\Programs\Python\Launcher\;C:\Users\luana\AppData\Local\Microsoft\WindowsApps;C:\Users\luana\AppData\Local\Programs\Microsoft VS Code\bin;C:\Program Files\MySQL\MySQL Server 8.3\bin;C:\Users\luana\OneDrive\Documentos\UFRN\Semestre 2024.2\TS\apache-maven-3.9.9\bin;C:\Users\luana\.dotnet\tools;C:\Users\luana\AppData\Local\Google\Cloud SDK\google-cloud-sdk\bin
USERNAME=luana
OS=Windows_NT
PROCESSOR_IDENTIFIER=Intel64 Family 6 Model 183 Stepping 1, GenuineIntel
TMP=C:\Users\luana\AppData\Local\Temp
TEMP=C:\Users\luana\AppData\Local\Temp




Periodic native trim disabled

---------------  S Y S T E M  ---------------

OS:
 Windows 11 , 64 bit Build 26100 (10.0.26100.6725)
OS uptime: 10 days 9:32 hours
Hyper-V role detected

CPU: total 16 (initial active 16) (8 cores per cpu, 2 threads per core) family 6 model 183 stepping 1 microcode 0x12f, cx8, cmov, fxsr, ht, mmx, 3dnowpref, sse, sse2, sse3, ssse3, sse4.1, sse4.2, popcnt, lzcnt, tsc, tscinvbit, avx, avx2, aes, erms, clmul, bmi1, bmi2, adx, sha, fma, vzeroupper, clflush, clflushopt, clwb, hv, serialize, rdtscp, rdpid, fsrm, f16c, cet_ibt, cet_ss
Processor Information for processor 0
  Max Mhz: 2400, Current Mhz: 2400, Mhz Limit: 2400
Processor Information for processor 1
  Max Mhz: 2400, Current Mhz: 2400, Mhz Limit: 2400
Processor Information for processor 2
  Max Mhz: 2400, Current Mhz: 2400, Mhz Limit: 2400
Processor Information for processor 3
  Max Mhz: 2400, Current Mhz: 2400, Mhz Limit: 2400
Processor Information for processor 4
  Max Mhz: 2400, Current Mhz: 2400, Mhz Limit: 2400
Processor Information for processor 5
  Max Mhz: 2400, Current Mhz: 2400, Mhz Limit: 2400
Processor Information for processor 6
  Max Mhz: 2400, Current Mhz: 2400, Mhz Limit: 2400
Processor Information for processor 7
  Max Mhz: 2400, Current Mhz: 2400, Mhz Limit: 2400
Processor Information for processor 8
  Max Mhz: 2400, Current Mhz: 2400, Mhz Limit: 2400
Processor Information for processor 9
  Max Mhz: 2400, Current Mhz: 2400, Mhz Limit: 2400
Processor Information for processor 10
  Max Mhz: 2400, Current Mhz: 2400, Mhz Limit: 2400
Processor Information for processor 11
  Max Mhz: 2400, Current Mhz: 2400, Mhz Limit: 2400
Processor Information for processor 12
  Max Mhz: 2400, Current Mhz: 1466, Mhz Limit: 2400
Processor Information for processor 13
  Max Mhz: 2400, Current Mhz: 1466, Mhz Limit: 2400
Processor Information for processor 14
  Max Mhz: 2400, Current Mhz: 1466, Mhz Limit: 2400
Processor Information for processor 15
  Max Mhz: 2400, Current Mhz: 1466, Mhz Limit: 2400

Memory: 4k page, system-wide physical 7876M (443M free)
TotalPageFile size 32452M (AvailPageFile size 52M)
current process WorkingSet (physical memory assigned to process): 388M, peak: 413M
current process commit charge ("private bytes"): 455M, peak: 508M

vm_info: OpenJDK 64-Bit Server VM (21.0.9+10-LTS) for windows-amd64 JRE (21.0.9+10-LTS), built on 2025-10-21T00:00:00Z by "admin" with unknown MS VC++:1942

END.
